[3.570s] Invoking command in '/home/dualipa/ros2_ws/src/robot1': PYTHONPATH=/home/dualipa/ros2_ws/build/robot1/prefix_override:/home/dualipa/ros2_ws/install/robot1/lib/python3.10/site-packages:${PYTHONPATH} /usr/bin/python3 setup.py egg_info --egg-base ../../build/robot1 build --build-base /home/dualipa/ros2_ws/build/robot1/build install --record /home/dualipa/ros2_ws/build/robot1/install.log --single-version-externally-managed
[4.791s] running egg_info
[4.793s] writing ../../build/robot1/robot1.egg-info/PKG-INFO
[4.794s] writing dependency_links to ../../build/robot1/robot1.egg-info/dependency_links.txt
[4.795s] writing entry points to ../../build/robot1/robot1.egg-info/entry_points.txt
[4.795s] writing requirements to ../../build/robot1/robot1.egg-info/requires.txt
[4.796s] writing top-level names to ../../build/robot1/robot1.egg-info/top_level.txt
[4.806s] reading manifest file '../../build/robot1/robot1.egg-info/SOURCES.txt'
[4.809s] writing manifest file '../../build/robot1/robot1.egg-info/SOURCES.txt'
[4.810s] running build
[4.810s] running build_py
[4.811s] copying robot1/servotest2.py -> /home/dualipa/ros2_ws/build/robot1/build/lib/robot1
[4.812s] copying robot1/robot1_node.py -> /home/dualipa/ros2_ws/build/robot1/build/lib/robot1
[4.813s] copying robot1/servotestspeeddir.py -> /home/dualipa/ros2_ws/build/robot1/build/lib/robot1
[4.815s] running install
[4.816s] running install_lib
[4.819s] copying /home/dualipa/ros2_ws/build/robot1/build/lib/robot1/servotest2.py -> /home/dualipa/ros2_ws/install/robot1/lib/python3.10/site-packages/robot1
[4.821s] copying /home/dualipa/ros2_ws/build/robot1/build/lib/robot1/robot1_node.py -> /home/dualipa/ros2_ws/install/robot1/lib/python3.10/site-packages/robot1
[4.822s] copying /home/dualipa/ros2_ws/build/robot1/build/lib/robot1/servotestspeeddir.py -> /home/dualipa/ros2_ws/install/robot1/lib/python3.10/site-packages/robot1
[4.825s] byte-compiling /home/dualipa/ros2_ws/install/robot1/lib/python3.10/site-packages/robot1/servotest2.py to servotest2.cpython-310.pyc
[4.827s] byte-compiling /home/dualipa/ros2_ws/install/robot1/lib/python3.10/site-packages/robot1/robot1_node.py to robot1_node.cpython-310.pyc
[4.831s] byte-compiling /home/dualipa/ros2_ws/install/robot1/lib/python3.10/site-packages/robot1/servotestspeeddir.py to servotestspeeddir.cpython-310.pyc
[4.833s] running install_data
[4.835s] running install_egg_info
[4.842s] removing '/home/dualipa/ros2_ws/install/robot1/lib/python3.10/site-packages/robot1-0.0.0-py3.10.egg-info' (and everything under it)
[4.844s] Copying ../../build/robot1/robot1.egg-info to /home/dualipa/ros2_ws/install/robot1/lib/python3.10/site-packages/robot1-0.0.0-py3.10.egg-info
[4.850s] running install_scripts
[4.930s] Installing robot1_node script to /home/dualipa/ros2_ws/install/robot1/lib/robot1
[4.932s] writing list of installed files to '/home/dualipa/ros2_ws/build/robot1/install.log'
[5.070s] Invoked command in '/home/dualipa/ros2_ws/src/robot1' returned '0': PYTHONPATH=/home/dualipa/ros2_ws/build/robot1/prefix_override:/home/dualipa/ros2_ws/install/robot1/lib/python3.10/site-packages:${PYTHONPATH} /usr/bin/python3 setup.py egg_info --egg-base ../../build/robot1 build --build-base /home/dualipa/ros2_ws/build/robot1/build install --record /home/dualipa/ros2_ws/build/robot1/install.log --single-version-externally-managed
