[4.189s] DEBUG:colcon:Command line arguments: ['/usr/bin/colcon', 'build']
[4.189s] DEBUG:colcon:Parsed command line arguments: Namespace(log_base=None, log_level=None, verb_name='build', build_base='build', install_base='install', merge_install=False, symlink_install=False, test_result_base=None, continue_on_error=False, executor='parallel', parallel_workers=4, event_handlers=None, ignore_user_meta=False, metas=['./colcon.meta'], base_paths=['.'], packages_ignore=None, packages_ignore_regex=None, paths=None, packages_up_to=None, packages_up_to_regex=None, packages_above=None, packages_above_and_dependencies=None, packages_above_depth=None, packages_select_by_dep=None, packages_skip_by_dep=None, packages_skip_up_to=None, packages_select_build_failed=False, packages_skip_build_finished=False, packages_select_test_failures=False, packages_skip_test_passed=False, packages_select=None, packages_skip=None, packages_select_regex=None, packages_skip_regex=None, packages_start=None, packages_end=None, allow_overriding=[], cmake_args=None, cmake_target=None, cmake_target_skip_unavailable=False, cmake_clean_cache=False, cmake_clean_first=False, cmake_force_configure=False, ament_cmake_args=None, catkin_cmake_args=None, catkin_skip_building_tests=False, verb_parser=<colcon_defaults.argument_parser.defaults.DefaultArgumentsDecorator object at 0xffff88c844c0>, verb_extension=<colcon_core.verb.build.BuildVerb object at 0xffff88f9d840>, main=<bound method BuildVerb.main of <colcon_core.verb.build.BuildVerb object at 0xffff88f9d840>>)
[4.381s] Level 1:colcon.colcon_core.package_discovery:discover_packages(colcon_meta) check parameters
[4.381s] Level 1:colcon.colcon_core.package_discovery:discover_packages(recursive) check parameters
[4.382s] Level 1:colcon.colcon_core.package_discovery:discover_packages(ignore) check parameters
[4.382s] Level 1:colcon.colcon_core.package_discovery:discover_packages(path) check parameters
[4.382s] Level 1:colcon.colcon_core.package_discovery:discover_packages(colcon_meta) discover
[4.382s] Level 1:colcon.colcon_core.package_discovery:discover_packages(recursive) discover
[4.382s] INFO:colcon.colcon_core.package_discovery:Crawling recursively for packages in '/home/dualipa/ros2_ws'
[4.383s] Level 1:colcon.colcon_core.package_identification:_identify(.) by extensions ['ignore', 'ignore_ament_install']
[4.383s] Level 1:colcon.colcon_core.package_identification:_identify(.) by extension 'ignore'
[4.383s] Level 1:colcon.colcon_core.package_identification:_identify(.) by extension 'ignore_ament_install'
[4.383s] Level 1:colcon.colcon_core.package_identification:_identify(.) by extensions ['colcon_pkg']
[4.384s] Level 1:colcon.colcon_core.package_identification:_identify(.) by extension 'colcon_pkg'
[4.384s] Level 1:colcon.colcon_core.package_identification:_identify(.) by extensions ['colcon_meta']
[4.384s] Level 1:colcon.colcon_core.package_identification:_identify(.) by extension 'colcon_meta'
[4.384s] Level 1:colcon.colcon_core.package_identification:_identify(.) by extensions ['ros']
[4.384s] Level 1:colcon.colcon_core.package_identification:_identify(.) by extension 'ros'
[4.431s] Level 1:colcon.colcon_core.package_identification:_identify(.) by extensions ['cmake', 'python']
[4.431s] Level 1:colcon.colcon_core.package_identification:_identify(.) by extension 'cmake'
[4.431s] Level 1:colcon.colcon_core.package_identification:_identify(.) by extension 'python'
[4.432s] Level 1:colcon.colcon_core.package_identification:_identify(.) by extensions ['python_setup_py']
[4.432s] Level 1:colcon.colcon_core.package_identification:_identify(.) by extension 'python_setup_py'
[4.432s] Level 1:colcon.colcon_core.package_identification:_identify(build) by extensions ['ignore', 'ignore_ament_install']
[4.433s] Level 1:colcon.colcon_core.package_identification:_identify(build) by extension 'ignore'
[4.433s] Level 1:colcon.colcon_core.package_identification:_identify(build) ignored
[4.433s] Level 1:colcon.colcon_core.package_identification:_identify(install) by extensions ['ignore', 'ignore_ament_install']
[4.434s] Level 1:colcon.colcon_core.package_identification:_identify(install) by extension 'ignore'
[4.434s] Level 1:colcon.colcon_core.package_identification:_identify(install) ignored
[4.434s] Level 1:colcon.colcon_core.package_identification:_identify(log) by extensions ['ignore', 'ignore_ament_install']
[4.435s] Level 1:colcon.colcon_core.package_identification:_identify(log) by extension 'ignore'
[4.435s] Level 1:colcon.colcon_core.package_identification:_identify(log) ignored
[4.435s] Level 1:colcon.colcon_core.package_identification:_identify(src) by extensions ['ignore', 'ignore_ament_install']
[4.436s] Level 1:colcon.colcon_core.package_identification:_identify(src) by extension 'ignore'
[4.436s] Level 1:colcon.colcon_core.package_identification:_identify(src) by extension 'ignore_ament_install'
[4.436s] Level 1:colcon.colcon_core.package_identification:_identify(src) by extensions ['colcon_pkg']
[4.436s] Level 1:colcon.colcon_core.package_identification:_identify(src) by extension 'colcon_pkg'
[4.436s] Level 1:colcon.colcon_core.package_identification:_identify(src) by extensions ['colcon_meta']
[4.436s] Level 1:colcon.colcon_core.package_identification:_identify(src) by extension 'colcon_meta'
[4.437s] Level 1:colcon.colcon_core.package_identification:_identify(src) by extensions ['ros']
[4.437s] Level 1:colcon.colcon_core.package_identification:_identify(src) by extension 'ros'
[4.437s] Level 1:colcon.colcon_core.package_identification:_identify(src) by extensions ['cmake', 'python']
[4.437s] Level 1:colcon.colcon_core.package_identification:_identify(src) by extension 'cmake'
[4.437s] Level 1:colcon.colcon_core.package_identification:_identify(src) by extension 'python'
[4.437s] Level 1:colcon.colcon_core.package_identification:_identify(src) by extensions ['python_setup_py']
[4.437s] Level 1:colcon.colcon_core.package_identification:_identify(src) by extension 'python_setup_py'
[4.438s] Level 1:colcon.colcon_core.package_identification:_identify(src/robot1) by extensions ['ignore', 'ignore_ament_install']
[4.438s] Level 1:colcon.colcon_core.package_identification:_identify(src/robot1) by extension 'ignore'
[4.438s] Level 1:colcon.colcon_core.package_identification:_identify(src/robot1) by extension 'ignore_ament_install'
[4.439s] Level 1:colcon.colcon_core.package_identification:_identify(src/robot1) by extensions ['colcon_pkg']
[4.439s] Level 1:colcon.colcon_core.package_identification:_identify(src/robot1) by extension 'colcon_pkg'
[4.439s] Level 1:colcon.colcon_core.package_identification:_identify(src/robot1) by extensions ['colcon_meta']
[4.439s] Level 1:colcon.colcon_core.package_identification:_identify(src/robot1) by extension 'colcon_meta'
[4.439s] Level 1:colcon.colcon_core.package_identification:_identify(src/robot1) by extensions ['ros']
[4.439s] Level 1:colcon.colcon_core.package_identification:_identify(src/robot1) by extension 'ros'
[4.448s] DEBUG:colcon.colcon_core.package_identification:Package 'src/robot1' with type 'ros.ament_python' and name 'robot1'
[4.448s] Level 1:colcon.colcon_core.package_discovery:discover_packages(recursive) using defaults
[4.449s] Level 1:colcon.colcon_core.package_discovery:discover_packages(ignore) discover
[4.449s] Level 1:colcon.colcon_core.package_discovery:discover_packages(ignore) using defaults
[4.449s] Level 1:colcon.colcon_core.package_discovery:discover_packages(path) discover
[4.449s] Level 1:colcon.colcon_core.package_discovery:discover_packages(path) using defaults
[4.814s] Level 1:colcon.colcon_core.package_discovery:discover_packages(prefix_path) check parameters
[4.814s] Level 1:colcon.colcon_core.package_discovery:discover_packages(prefix_path) discover
[4.940s] DEBUG:colcon.colcon_installed_package_information.package_discovery:Found 270 installed packages in /opt/ros/humble
[4.948s] Level 1:colcon.colcon_core.package_discovery:discover_packages(prefix_path) using defaults
[5.352s] Level 5:colcon.colcon_core.verb:set package 'robot1' build argument 'cmake_args' from command line to 'None'
[5.352s] Level 5:colcon.colcon_core.verb:set package 'robot1' build argument 'cmake_target' from command line to 'None'
[5.353s] Level 5:colcon.colcon_core.verb:set package 'robot1' build argument 'cmake_target_skip_unavailable' from command line to 'False'
[5.353s] Level 5:colcon.colcon_core.verb:set package 'robot1' build argument 'cmake_clean_cache' from command line to 'False'
[5.353s] Level 5:colcon.colcon_core.verb:set package 'robot1' build argument 'cmake_clean_first' from command line to 'False'
[5.353s] Level 5:colcon.colcon_core.verb:set package 'robot1' build argument 'cmake_force_configure' from command line to 'False'
[5.353s] Level 5:colcon.colcon_core.verb:set package 'robot1' build argument 'ament_cmake_args' from command line to 'None'
[5.353s] Level 5:colcon.colcon_core.verb:set package 'robot1' build argument 'catkin_cmake_args' from command line to 'None'
[5.353s] Level 5:colcon.colcon_core.verb:set package 'robot1' build argument 'catkin_skip_building_tests' from command line to 'False'
[5.353s] DEBUG:colcon.colcon_core.verb:Building package 'robot1' with the following arguments: {'ament_cmake_args': None, 'build_base': '/home/dualipa/ros2_ws/build/robot1', 'catkin_cmake_args': None, 'catkin_skip_building_tests': False, 'cmake_args': None, 'cmake_clean_cache': False, 'cmake_clean_first': False, 'cmake_force_configure': False, 'cmake_target': None, 'cmake_target_skip_unavailable': False, 'install_base': '/home/dualipa/ros2_ws/install/robot1', 'merge_install': False, 'path': '/home/dualipa/ros2_ws/src/robot1', 'symlink_install': False, 'test_result_base': None}
[5.410s] INFO:colcon.colcon_core.executor:Executing jobs using 'parallel' executor
[5.473s] DEBUG:colcon.colcon_parallel_executor.executor.parallel:run_until_complete
[5.474s] INFO:colcon.colcon_ros.task.ament_python.build:Building ROS package in '/home/dualipa/ros2_ws/src/robot1' with build type 'ament_python'
[5.474s] Level 1:colcon.colcon_core.shell:create_environment_hook('robot1', 'ament_prefix_path')
[5.545s] INFO:colcon.colcon_core.plugin_system:Skipping extension 'colcon_core.shell.bat': Not used on non-Windows systems
[5.546s] INFO:colcon.colcon_core.shell:Creating environment hook '/home/dualipa/ros2_ws/install/robot1/share/robot1/hook/ament_prefix_path.ps1'
[5.549s] INFO:colcon.colcon_core.shell:Creating environment descriptor '/home/dualipa/ros2_ws/install/robot1/share/robot1/hook/ament_prefix_path.dsv'
[5.551s] INFO:colcon.colcon_core.shell:Creating environment hook '/home/dualipa/ros2_ws/install/robot1/share/robot1/hook/ament_prefix_path.sh'
[5.623s] INFO:colcon.colcon_core.shell:Skip shell extension 'powershell' for command environment: Not usable outside of PowerShell
[5.623s] DEBUG:colcon.colcon_core.shell:Skip shell extension 'dsv' for command environment
[6.886s] INFO:colcon.colcon_core.task.python.build:Building Python package in '/home/dualipa/ros2_ws/src/robot1'
[6.951s] INFO:colcon.colcon_core.shell:Skip shell extension 'powershell' for command environment: Not usable outside of PowerShell
[6.952s] DEBUG:colcon.colcon_core.shell:Skip shell extension 'dsv' for command environment
[8.515s] DEBUG:colcon.colcon_core.event_handler.log_command:Invoking command in '/home/dualipa/ros2_ws/src/robot1': PYTHONPATH=/home/dualipa/ros2_ws/build/robot1/prefix_override:/home/dualipa/ros2_ws/install/robot1/lib/python3.10/site-packages:${PYTHONPATH} /usr/bin/python3 setup.py egg_info --egg-base ../../build/robot1 build --build-base /home/dualipa/ros2_ws/build/robot1/build install --record /home/dualipa/ros2_ws/build/robot1/install.log --single-version-externally-managed
[9.806s] DEBUG:colcon.colcon_core.event_handler.log_command:Invoked command in '/home/dualipa/ros2_ws/src/robot1' returned '0': PYTHONPATH=/home/dualipa/ros2_ws/build/robot1/prefix_override:/home/dualipa/ros2_ws/install/robot1/lib/python3.10/site-packages:${PYTHONPATH} /usr/bin/python3 setup.py egg_info --egg-base ../../build/robot1 build --build-base /home/dualipa/ros2_ws/build/robot1/build install --record /home/dualipa/ros2_ws/build/robot1/install.log --single-version-externally-managed
[9.879s] Level 1:colcon.colcon_core.environment:checking '/home/dualipa/ros2_ws/install/robot1' for CMake module files
[9.881s] Level 1:colcon.colcon_core.environment:checking '/home/dualipa/ros2_ws/install/robot1' for CMake config files
[9.884s] Level 1:colcon.colcon_core.environment:checking '/home/dualipa/ros2_ws/install/robot1/lib'
[9.885s] Level 1:colcon.colcon_core.environment:checking '/home/dualipa/ros2_ws/install/robot1/bin'
[9.885s] Level 1:colcon.colcon_core.environment:checking '/home/dualipa/ros2_ws/install/robot1/lib/pkgconfig/robot1.pc'
[9.886s] Level 1:colcon.colcon_core.environment:checking '/home/dualipa/ros2_ws/install/robot1/lib/python3.10/site-packages'
[9.887s] Level 1:colcon.colcon_core.shell:create_environment_hook('robot1', 'pythonpath')
[9.950s] INFO:colcon.colcon_core.shell:Creating environment hook '/home/dualipa/ros2_ws/install/robot1/share/robot1/hook/pythonpath.ps1'
[9.952s] INFO:colcon.colcon_core.shell:Creating environment descriptor '/home/dualipa/ros2_ws/install/robot1/share/robot1/hook/pythonpath.dsv'
[9.954s] INFO:colcon.colcon_core.shell:Creating environment hook '/home/dualipa/ros2_ws/install/robot1/share/robot1/hook/pythonpath.sh'
[9.957s] Level 1:colcon.colcon_core.environment:checking '/home/dualipa/ros2_ws/install/robot1/bin'
[9.957s] Level 1:colcon.colcon_core.environment:create_environment_scripts_only(robot1)
[10.016s] INFO:colcon.colcon_core.shell:Creating package script '/home/dualipa/ros2_ws/install/robot1/share/robot1/package.ps1'
[10.019s] INFO:colcon.colcon_core.shell:Creating package descriptor '/home/dualipa/ros2_ws/install/robot1/share/robot1/package.dsv'
[10.022s] INFO:colcon.colcon_core.shell:Creating package script '/home/dualipa/ros2_ws/install/robot1/share/robot1/package.sh'
[10.025s] INFO:colcon.colcon_core.shell:Creating package script '/home/dualipa/ros2_ws/install/robot1/share/robot1/package.bash'
[10.028s] INFO:colcon.colcon_core.shell:Creating package script '/home/dualipa/ros2_ws/install/robot1/share/robot1/package.zsh'
[10.032s] Level 1:colcon.colcon_core.environment:create_file_with_runtime_dependencies(/home/dualipa/ros2_ws/install/robot1/share/colcon-core/packages/robot1)
[10.033s] DEBUG:colcon.colcon_parallel_executor.executor.parallel:closing loop
[10.035s] DEBUG:colcon.colcon_parallel_executor.executor.parallel:loop closed
[10.036s] DEBUG:colcon.colcon_parallel_executor.executor.parallel:run_until_complete finished with '0'
[10.036s] DEBUG:colcon.colcon_core.event_reactor:joining thread
[10.121s] INFO:colcon.colcon_core.plugin_system:Skipping extension 'colcon_notification.desktop_notification.terminal_notifier': Not used on non-Darwin systems
[10.122s] INFO:colcon.colcon_core.plugin_system:Skipping extension 'colcon_notification.desktop_notification.win32': Not used on non-Windows systems
[10.122s] INFO:colcon.colcon_notification.desktop_notification:Sending desktop notification using 'notify2'
[10.176s] DEBUG:colcon.colcon_core.event_reactor:joined thread
[10.261s] INFO:colcon.colcon_core.shell:Creating prefix script '/home/dualipa/ros2_ws/install/local_setup.ps1'
[10.266s] INFO:colcon.colcon_core.shell:Creating prefix util module '/home/dualipa/ros2_ws/install/_local_setup_util_ps1.py'
[10.273s] INFO:colcon.colcon_core.shell:Creating prefix chain script '/home/dualipa/ros2_ws/install/setup.ps1'
[10.348s] INFO:colcon.colcon_core.shell:Creating prefix script '/home/dualipa/ros2_ws/install/local_setup.sh'
[10.352s] INFO:colcon.colcon_core.shell:Creating prefix util module '/home/dualipa/ros2_ws/install/_local_setup_util_sh.py'
[10.354s] INFO:colcon.colcon_core.shell:Creating prefix chain script '/home/dualipa/ros2_ws/install/setup.sh'
[10.420s] INFO:colcon.colcon_core.shell:Creating prefix script '/home/dualipa/ros2_ws/install/local_setup.bash'
[10.422s] INFO:colcon.colcon_core.shell:Creating prefix chain script '/home/dualipa/ros2_ws/install/setup.bash'
[10.483s] INFO:colcon.colcon_core.shell:Creating prefix script '/home/dualipa/ros2_ws/install/local_setup.zsh'
[10.485s] INFO:colcon.colcon_core.shell:Creating prefix chain script '/home/dualipa/ros2_ws/install/setup.zsh'
