[1.160s] DEBUG:colcon:Command line arguments: ['/usr/bin/colcon', 'build']
[1.161s] DEBUG:colcon:Parsed command line arguments: Namespace(log_base=None, log_level=None, verb_name='build', build_base='build', install_base='install', merge_install=False, symlink_install=False, test_result_base=None, continue_on_error=False, executor='parallel', parallel_workers=4, event_handlers=None, ignore_user_meta=False, metas=['./colcon.meta'], base_paths=['.'], packages_ignore=None, packages_ignore_regex=None, paths=None, packages_up_to=None, packages_up_to_regex=None, packages_above=None, packages_above_and_dependencies=None, packages_above_depth=None, packages_select_by_dep=None, packages_skip_by_dep=None, packages_skip_up_to=None, packages_select_build_failed=False, packages_skip_build_finished=False, packages_select_test_failures=False, packages_skip_test_passed=False, packages_select=None, packages_skip=None, packages_select_regex=None, packages_skip_regex=None, packages_start=None, packages_end=None, allow_overriding=[], cmake_args=None, cmake_target=None, cmake_target_skip_unavailable=False, cmake_clean_cache=False, cmake_clean_first=False, cmake_force_configure=False, ament_cmake_args=None, catkin_cmake_args=None, catkin_skip_building_tests=False, verb_parser=<colcon_defaults.argument_parser.defaults.DefaultArgumentsDecorator object at 0xffffa06978b0>, verb_extension=<colcon_core.verb.build.BuildVerb object at 0xffffa06972e0>, main=<bound method BuildVerb.main of <colcon_core.verb.build.BuildVerb object at 0xffffa06972e0>>)
[3.119s] Level 1:colcon.colcon_core.package_discovery:discover_packages(colcon_meta) check parameters
[3.120s] Level 1:colcon.colcon_core.package_discovery:discover_packages(recursive) check parameters
[3.121s] Level 1:colcon.colcon_core.package_discovery:discover_packages(ignore) check parameters
[3.121s] Level 1:colcon.colcon_core.package_discovery:discover_packages(path) check parameters
[3.121s] Level 1:colcon.colcon_core.package_discovery:discover_packages(colcon_meta) discover
[3.122s] Level 1:colcon.colcon_core.package_discovery:discover_packages(recursive) discover
[3.123s] INFO:colcon.colcon_core.package_discovery:Crawling recursively for packages in '/home/dualipa/mark1'
[3.125s] Level 1:colcon.colcon_core.package_identification:_identify(.) by extensions ['ignore', 'ignore_ament_install']
[3.127s] Level 1:colcon.colcon_core.package_identification:_identify(.) by extension 'ignore'
[3.128s] Level 1:colcon.colcon_core.package_identification:_identify(.) by extension 'ignore_ament_install'
[3.130s] Level 1:colcon.colcon_core.package_identification:_identify(.) by extensions ['colcon_pkg']
[3.131s] Level 1:colcon.colcon_core.package_identification:_identify(.) by extension 'colcon_pkg'
[3.132s] Level 1:colcon.colcon_core.package_identification:_identify(.) by extensions ['colcon_meta']
[3.133s] Level 1:colcon.colcon_core.package_identification:_identify(.) by extension 'colcon_meta'
[3.133s] Level 1:colcon.colcon_core.package_identification:_identify(.) by extensions ['ros']
[3.134s] Level 1:colcon.colcon_core.package_identification:_identify(.) by extension 'ros'
[3.229s] Level 1:colcon.colcon_core.package_identification:_identify(.) by extensions ['cmake', 'python']
[3.229s] Level 1:colcon.colcon_core.package_identification:_identify(.) by extension 'cmake'
[3.230s] Level 1:colcon.colcon_core.package_identification:_identify(.) by extension 'python'
[3.230s] Level 1:colcon.colcon_core.package_identification:_identify(.) by extensions ['python_setup_py']
[3.230s] Level 1:colcon.colcon_core.package_identification:_identify(.) by extension 'python_setup_py'
[3.230s] Level 1:colcon.colcon_core.package_identification:_identify(build) by extensions ['ignore', 'ignore_ament_install']
[3.231s] Level 1:colcon.colcon_core.package_identification:_identify(build) by extension 'ignore'
[3.231s] Level 1:colcon.colcon_core.package_identification:_identify(build) ignored
[3.232s] Level 1:colcon.colcon_core.package_identification:_identify(install) by extensions ['ignore', 'ignore_ament_install']
[3.232s] Level 1:colcon.colcon_core.package_identification:_identify(install) by extension 'ignore'
[3.232s] Level 1:colcon.colcon_core.package_identification:_identify(install) ignored
[3.233s] Level 1:colcon.colcon_core.package_identification:_identify(log) by extensions ['ignore', 'ignore_ament_install']
[3.234s] Level 1:colcon.colcon_core.package_identification:_identify(log) by extension 'ignore'
[3.234s] Level 1:colcon.colcon_core.package_identification:_identify(log) ignored
[3.234s] Level 1:colcon.colcon_core.package_identification:_identify(src) by extensions ['ignore', 'ignore_ament_install']
[3.235s] Level 1:colcon.colcon_core.package_identification:_identify(src) by extension 'ignore'
[3.235s] Level 1:colcon.colcon_core.package_identification:_identify(src) by extension 'ignore_ament_install'
[3.235s] Level 1:colcon.colcon_core.package_identification:_identify(src) by extensions ['colcon_pkg']
[3.235s] Level 1:colcon.colcon_core.package_identification:_identify(src) by extension 'colcon_pkg'
[3.236s] Level 1:colcon.colcon_core.package_identification:_identify(src) by extensions ['colcon_meta']
[3.236s] Level 1:colcon.colcon_core.package_identification:_identify(src) by extension 'colcon_meta'
[3.236s] Level 1:colcon.colcon_core.package_identification:_identify(src) by extensions ['ros']
[3.236s] Level 1:colcon.colcon_core.package_identification:_identify(src) by extension 'ros'
[3.236s] Level 1:colcon.colcon_core.package_identification:_identify(src) by extensions ['cmake', 'python']
[3.236s] Level 1:colcon.colcon_core.package_identification:_identify(src) by extension 'cmake'
[3.237s] Level 1:colcon.colcon_core.package_identification:_identify(src) by extension 'python'
[3.237s] Level 1:colcon.colcon_core.package_identification:_identify(src) by extensions ['python_setup_py']
[3.237s] Level 1:colcon.colcon_core.package_identification:_identify(src) by extension 'python_setup_py'
[3.237s] Level 1:colcon.colcon_core.package_identification:_identify(src/robot1) by extensions ['ignore', 'ignore_ament_install']
[3.238s] Level 1:colcon.colcon_core.package_identification:_identify(src/robot1) by extension 'ignore'
[3.238s] Level 1:colcon.colcon_core.package_identification:_identify(src/robot1) by extension 'ignore_ament_install'
[3.239s] Level 1:colcon.colcon_core.package_identification:_identify(src/robot1) by extensions ['colcon_pkg']
[3.239s] Level 1:colcon.colcon_core.package_identification:_identify(src/robot1) by extension 'colcon_pkg'
[3.239s] Level 1:colcon.colcon_core.package_identification:_identify(src/robot1) by extensions ['colcon_meta']
[3.239s] Level 1:colcon.colcon_core.package_identification:_identify(src/robot1) by extension 'colcon_meta'
[3.239s] Level 1:colcon.colcon_core.package_identification:_identify(src/robot1) by extensions ['ros']
[3.240s] Level 1:colcon.colcon_core.package_identification:_identify(src/robot1) by extension 'ros'
[3.249s] DEBUG:colcon.colcon_core.package_identification:Package 'src/robot1' with type 'ros.ament_python' and name 'robot1'
[3.249s] Level 1:colcon.colcon_core.package_discovery:discover_packages(recursive) using defaults
[3.249s] Level 1:colcon.colcon_core.package_discovery:discover_packages(ignore) discover
[3.249s] Level 1:colcon.colcon_core.package_discovery:discover_packages(ignore) using defaults
[3.249s] Level 1:colcon.colcon_core.package_discovery:discover_packages(path) discover
[3.250s] Level 1:colcon.colcon_core.package_discovery:discover_packages(path) using defaults
[3.383s] Level 1:colcon.colcon_core.package_discovery:discover_packages(prefix_path) check parameters
[3.383s] Level 1:colcon.colcon_core.package_discovery:discover_packages(prefix_path) discover
[3.400s] DEBUG:colcon.colcon_installed_package_information.package_discovery:Found 2 installed packages in /home/dualipa/pid_pilot_senior/install
[3.404s] DEBUG:colcon.colcon_installed_package_information.package_discovery:Found 1 installed packages in /home/dualipa/mark1/install
[3.414s] DEBUG:colcon.colcon_installed_package_information.package_discovery:Found 270 installed packages in /opt/ros/humble
[3.421s] Level 1:colcon.colcon_core.package_discovery:discover_packages(prefix_path) using defaults
[3.751s] Level 5:colcon.colcon_core.verb:set package 'robot1' build argument 'cmake_args' from command line to 'None'
[3.751s] Level 5:colcon.colcon_core.verb:set package 'robot1' build argument 'cmake_target' from command line to 'None'
[3.752s] Level 5:colcon.colcon_core.verb:set package 'robot1' build argument 'cmake_target_skip_unavailable' from command line to 'False'
[3.752s] Level 5:colcon.colcon_core.verb:set package 'robot1' build argument 'cmake_clean_cache' from command line to 'False'
[3.752s] Level 5:colcon.colcon_core.verb:set package 'robot1' build argument 'cmake_clean_first' from command line to 'False'
[3.752s] Level 5:colcon.colcon_core.verb:set package 'robot1' build argument 'cmake_force_configure' from command line to 'False'
[3.752s] Level 5:colcon.colcon_core.verb:set package 'robot1' build argument 'ament_cmake_args' from command line to 'None'
[3.752s] Level 5:colcon.colcon_core.verb:set package 'robot1' build argument 'catkin_cmake_args' from command line to 'None'
[3.752s] Level 5:colcon.colcon_core.verb:set package 'robot1' build argument 'catkin_skip_building_tests' from command line to 'False'
[3.753s] DEBUG:colcon.colcon_core.verb:Building package 'robot1' with the following arguments: {'ament_cmake_args': None, 'build_base': '/home/dualipa/mark1/build/robot1', 'catkin_cmake_args': None, 'catkin_skip_building_tests': False, 'cmake_args': None, 'cmake_clean_cache': False, 'cmake_clean_first': False, 'cmake_force_configure': False, 'cmake_target': None, 'cmake_target_skip_unavailable': False, 'install_base': '/home/dualipa/mark1/install/robot1', 'merge_install': False, 'path': '/home/dualipa/mark1/src/robot1', 'symlink_install': False, 'test_result_base': None}
[3.753s] INFO:colcon.colcon_core.executor:Executing jobs using 'parallel' executor
[3.759s] DEBUG:colcon.colcon_parallel_executor.executor.parallel:run_until_complete
[3.762s] INFO:colcon.colcon_ros.task.ament_python.build:Building ROS package in '/home/dualipa/mark1/src/robot1' with build type 'ament_python'
[3.764s] Level 1:colcon.colcon_core.shell:create_environment_hook('robot1', 'ament_prefix_path')
[3.804s] INFO:colcon.colcon_core.plugin_system:Skipping extension 'colcon_core.shell.bat': Not used on non-Windows systems
[3.804s] INFO:colcon.colcon_core.shell:Creating environment hook '/home/dualipa/mark1/install/robot1/share/robot1/hook/ament_prefix_path.ps1'
[3.808s] INFO:colcon.colcon_core.shell:Creating environment descriptor '/home/dualipa/mark1/install/robot1/share/robot1/hook/ament_prefix_path.dsv'
[3.812s] INFO:colcon.colcon_core.shell:Creating environment hook '/home/dualipa/mark1/install/robot1/share/robot1/hook/ament_prefix_path.sh'
[3.816s] INFO:colcon.colcon_core.shell:Skip shell extension 'powershell' for command environment: Not usable outside of PowerShell
[3.816s] DEBUG:colcon.colcon_core.shell:Skip shell extension 'dsv' for command environment
[6.345s] INFO:colcon.colcon_core.task.python.build:Building Python package in '/home/dualipa/mark1/src/robot1'
[6.349s] INFO:colcon.colcon_core.shell:Skip shell extension 'powershell' for command environment: Not usable outside of PowerShell
[6.350s] DEBUG:colcon.colcon_core.shell:Skip shell extension 'dsv' for command environment
[10.912s] DEBUG:colcon.colcon_core.event_handler.log_command:Invoking command in '/home/dualipa/mark1/src/robot1': PYTHONPATH=/home/dualipa/mark1/build/robot1/prefix_override:/home/dualipa/mark1/install/robot1/lib/python3.10/site-packages:${PYTHONPATH} /usr/bin/python3 -W ignore:setup.py install is deprecated setup.py egg_info --egg-base ../../build/robot1 build --build-base /home/dualipa/mark1/build/robot1/build install --record /home/dualipa/mark1/build/robot1/install.log --single-version-externally-managed install_data
[13.890s] DEBUG:colcon.colcon_core.event_handler.log_command:Invoked command in '/home/dualipa/mark1/src/robot1' returned '0': PYTHONPATH=/home/dualipa/mark1/build/robot1/prefix_override:/home/dualipa/mark1/install/robot1/lib/python3.10/site-packages:${PYTHONPATH} /usr/bin/python3 -W ignore:setup.py install is deprecated setup.py egg_info --egg-base ../../build/robot1 build --build-base /home/dualipa/mark1/build/robot1/build install --record /home/dualipa/mark1/build/robot1/install.log --single-version-externally-managed install_data
[13.922s] Level 1:colcon.colcon_core.environment:checking '/home/dualipa/mark1/install/robot1' for CMake module files
[13.928s] Level 1:colcon.colcon_core.environment:checking '/home/dualipa/mark1/install/robot1' for CMake config files
[13.937s] Level 1:colcon.colcon_core.environment:checking '/home/dualipa/mark1/install/robot1/lib'
[13.941s] Level 1:colcon.colcon_core.environment:checking '/home/dualipa/mark1/install/robot1/bin'
[13.943s] Level 1:colcon.colcon_core.environment:checking '/home/dualipa/mark1/install/robot1/lib/pkgconfig/robot1.pc'
[13.947s] Level 1:colcon.colcon_core.environment:checking '/home/dualipa/mark1/install/robot1/lib/python3.10/site-packages'
[13.948s] Level 1:colcon.colcon_core.shell:create_environment_hook('robot1', 'pythonpath')
[13.949s] INFO:colcon.colcon_core.shell:Creating environment hook '/home/dualipa/mark1/install/robot1/share/robot1/hook/pythonpath.ps1'
[13.953s] INFO:colcon.colcon_core.shell:Creating environment descriptor '/home/dualipa/mark1/install/robot1/share/robot1/hook/pythonpath.dsv'
[13.956s] INFO:colcon.colcon_core.shell:Creating environment hook '/home/dualipa/mark1/install/robot1/share/robot1/hook/pythonpath.sh'
[13.963s] Level 1:colcon.colcon_core.environment:checking '/home/dualipa/mark1/install/robot1/bin'
[13.965s] Level 1:colcon.colcon_core.environment:create_environment_scripts_only(robot1)
[13.971s] INFO:colcon.colcon_core.shell:Creating package script '/home/dualipa/mark1/install/robot1/share/robot1/package.ps1'
[13.983s] INFO:colcon.colcon_core.shell:Creating package descriptor '/home/dualipa/mark1/install/robot1/share/robot1/package.dsv'
[13.992s] INFO:colcon.colcon_core.shell:Creating package script '/home/dualipa/mark1/install/robot1/share/robot1/package.sh'
[14.005s] INFO:colcon.colcon_core.shell:Creating package script '/home/dualipa/mark1/install/robot1/share/robot1/package.bash'
[14.019s] INFO:colcon.colcon_core.shell:Creating package script '/home/dualipa/mark1/install/robot1/share/robot1/package.zsh'
[14.032s] Level 1:colcon.colcon_core.environment:create_file_with_runtime_dependencies(/home/dualipa/mark1/install/robot1/share/colcon-core/packages/robot1)
[14.039s] DEBUG:colcon.colcon_parallel_executor.executor.parallel:closing loop
[14.046s] DEBUG:colcon.colcon_parallel_executor.executor.parallel:loop closed
[14.047s] DEBUG:colcon.colcon_parallel_executor.executor.parallel:run_until_complete finished with '0'
[14.049s] DEBUG:colcon.colcon_core.event_reactor:joining thread
[14.154s] INFO:colcon.colcon_core.plugin_system:Skipping extension 'colcon_notification.desktop_notification.terminal_notifier': Not used on non-Darwin systems
[14.157s] INFO:colcon.colcon_core.plugin_system:Skipping extension 'colcon_notification.desktop_notification.win32': Not used on non-Windows systems
[14.159s] INFO:colcon.colcon_notification.desktop_notification:Sending desktop notification using 'notify2'
[14.447s] DEBUG:colcon.colcon_core.event_reactor:joined thread
[14.450s] INFO:colcon.colcon_core.shell:Creating prefix script '/home/dualipa/mark1/install/local_setup.ps1'
[14.461s] INFO:colcon.colcon_core.shell:Creating prefix util module '/home/dualipa/mark1/install/_local_setup_util_ps1.py'
[14.474s] INFO:colcon.colcon_core.shell:Creating prefix chain script '/home/dualipa/mark1/install/setup.ps1'
[14.488s] INFO:colcon.colcon_core.shell:Creating prefix script '/home/dualipa/mark1/install/local_setup.sh'
[14.494s] INFO:colcon.colcon_core.shell:Creating prefix util module '/home/dualipa/mark1/install/_local_setup_util_sh.py'
[14.498s] INFO:colcon.colcon_core.shell:Creating prefix chain script '/home/dualipa/mark1/install/setup.sh'
[14.512s] INFO:colcon.colcon_core.shell:Creating prefix script '/home/dualipa/mark1/install/local_setup.bash'
[14.521s] INFO:colcon.colcon_core.shell:Creating prefix chain script '/home/dualipa/mark1/install/setup.bash'
[14.531s] INFO:colcon.colcon_core.shell:Creating prefix script '/home/dualipa/mark1/install/local_setup.zsh'
[14.537s] INFO:colcon.colcon_core.shell:Creating prefix chain script '/home/dualipa/mark1/install/setup.zsh'
