/home/dualipa/ros2_ws/install/robot1/lib/python3.10/site-packages/robot1/robot1_node.py
/home/dualipa/ros2_ws/install/robot1/lib/python3.10/site-packages/robot1/ledtest.py
/home/dualipa/ros2_ws/install/robot1/lib/python3.10/site-packages/robot1/servotest.py
/home/dualipa/ros2_ws/install/robot1/lib/python3.10/site-packages/robot1/__init__.py
/home/dualipa/ros2_ws/install/robot1/lib/python3.10/site-packages/robot1/servotestspeeddir.py
/home/dualipa/ros2_ws/install/robot1/lib/python3.10/site-packages/robot1/__pycache__/robot1_node.cpython-310.pyc
/home/dualipa/ros2_ws/install/robot1/lib/python3.10/site-packages/robot1/__pycache__/ledtest.cpython-310.pyc
/home/dualipa/ros2_ws/install/robot1/lib/python3.10/site-packages/robot1/__pycache__/servotest.cpython-310.pyc
/home/dualipa/ros2_ws/install/robot1/lib/python3.10/site-packages/robot1/__pycache__/__init__.cpython-310.pyc
/home/dualipa/ros2_ws/install/robot1/lib/python3.10/site-packages/robot1/__pycache__/servotestspeeddir.cpython-310.pyc
/home/dualipa/ros2_ws/install/robot1/share/ament_index/resource_index/packages/robot1
/home/dualipa/ros2_ws/install/robot1/share/robot1/package.xml
/home/dualipa/ros2_ws/install/robot1/lib/python3.10/site-packages/robot1-0.0.0-py3.10.egg-info/dependency_links.txt
/home/dualipa/ros2_ws/install/robot1/lib/python3.10/site-packages/robot1-0.0.0-py3.10.egg-info/SOURCES.txt
/home/dualipa/ros2_ws/install/robot1/lib/python3.10/site-packages/robot1-0.0.0-py3.10.egg-info/entry_points.txt
/home/dualipa/ros2_ws/install/robot1/lib/python3.10/site-packages/robot1-0.0.0-py3.10.egg-info/top_level.txt
/home/dualipa/ros2_ws/install/robot1/lib/python3.10/site-packages/robot1-0.0.0-py3.10.egg-info/requires.txt
/home/dualipa/ros2_ws/install/robot1/lib/python3.10/site-packages/robot1-0.0.0-py3.10.egg-info/PKG-INFO
/home/dualipa/ros2_ws/install/robot1/lib/python3.10/site-packages/robot1-0.0.0-py3.10.egg-info/zip-safe
/home/dualipa/ros2_ws/install/robot1/lib/robot1/robot1_node
