[4.206s] DEBUG:colcon:Command line arguments: ['/usr/bin/colcon', 'build']
[4.206s] DEBUG:colcon:Parsed command line arguments: Namespace(log_base=None, log_level=None, verb_name='build', build_base='build', install_base='install', merge_install=False, symlink_install=False, test_result_base=None, continue_on_error=False, executor='parallel', parallel_workers=4, event_handlers=None, ignore_user_meta=False, metas=['./colcon.meta'], base_paths=['.'], packages_ignore=None, packages_ignore_regex=None, paths=None, packages_up_to=None, packages_up_to_regex=None, packages_above=None, packages_above_and_dependencies=None, packages_above_depth=None, packages_select_by_dep=None, packages_skip_by_dep=None, packages_skip_up_to=None, packages_select_build_failed=False, packages_skip_build_finished=False, packages_select_test_failures=False, packages_skip_test_passed=False, packages_select=None, packages_skip=None, packages_select_regex=None, packages_skip_regex=None, packages_start=None, packages_end=None, allow_overriding=[], cmake_args=None, cmake_target=None, cmake_target_skip_unavailable=False, cmake_clean_cache=False, cmake_clean_first=False, cmake_force_configure=False, ament_cmake_args=None, catkin_cmake_args=None, catkin_skip_building_tests=False, verb_parser=<colcon_defaults.argument_parser.defaults.DefaultArgumentsDecorator object at 0xffff8fedea10>, verb_extension=<colcon_core.verb.build.BuildVerb object at 0xffff901a9150>, main=<bound method BuildVerb.main of <colcon_core.verb.build.BuildVerb object at 0xffff901a9150>>)
[4.398s] Level 1:colcon.colcon_core.package_discovery:discover_packages(colcon_meta) check parameters
[4.398s] Level 1:colcon.colcon_core.package_discovery:discover_packages(recursive) check parameters
[4.398s] Level 1:colcon.colcon_core.package_discovery:discover_packages(ignore) check parameters
[4.398s] Level 1:colcon.colcon_core.package_discovery:discover_packages(path) check parameters
[4.399s] Level 1:colcon.colcon_core.package_discovery:discover_packages(colcon_meta) discover
[4.399s] Level 1:colcon.colcon_core.package_discovery:discover_packages(recursive) discover
[4.399s] INFO:colcon.colcon_core.package_discovery:Crawling recursively for packages in '/home/dualipa/ros2_ws'
[4.399s] Level 1:colcon.colcon_core.package_identification:_identify(.) by extensions ['ignore', 'ignore_ament_install']
[4.400s] Level 1:colcon.colcon_core.package_identification:_identify(.) by extension 'ignore'
[4.400s] Level 1:colcon.colcon_core.package_identification:_identify(.) by extension 'ignore_ament_install'
[4.400s] Level 1:colcon.colcon_core.package_identification:_identify(.) by extensions ['colcon_pkg']
[4.400s] Level 1:colcon.colcon_core.package_identification:_identify(.) by extension 'colcon_pkg'
[4.401s] Level 1:colcon.colcon_core.package_identification:_identify(.) by extensions ['colcon_meta']
[4.401s] Level 1:colcon.colcon_core.package_identification:_identify(.) by extension 'colcon_meta'
[4.401s] Level 1:colcon.colcon_core.package_identification:_identify(.) by extensions ['ros']
[4.401s] Level 1:colcon.colcon_core.package_identification:_identify(.) by extension 'ros'
[4.445s] Level 1:colcon.colcon_core.package_identification:_identify(.) by extensions ['cmake', 'python']
[4.445s] Level 1:colcon.colcon_core.package_identification:_identify(.) by extension 'cmake'
[4.445s] Level 1:colcon.colcon_core.package_identification:_identify(.) by extension 'python'
[4.445s] Level 1:colcon.colcon_core.package_identification:_identify(.) by extensions ['python_setup_py']
[4.445s] Level 1:colcon.colcon_core.package_identification:_identify(.) by extension 'python_setup_py'
[4.446s] Level 1:colcon.colcon_core.package_identification:_identify(build) by extensions ['ignore', 'ignore_ament_install']
[4.446s] Level 1:colcon.colcon_core.package_identification:_identify(build) by extension 'ignore'
[4.446s] Level 1:colcon.colcon_core.package_identification:_identify(build) ignored
[4.447s] Level 1:colcon.colcon_core.package_identification:_identify(install) by extensions ['ignore', 'ignore_ament_install']
[4.447s] Level 1:colcon.colcon_core.package_identification:_identify(install) by extension 'ignore'
[4.448s] Level 1:colcon.colcon_core.package_identification:_identify(install) ignored
[4.448s] Level 1:colcon.colcon_core.package_identification:_identify(log) by extensions ['ignore', 'ignore_ament_install']
[4.448s] Level 1:colcon.colcon_core.package_identification:_identify(log) by extension 'ignore'
[4.449s] Level 1:colcon.colcon_core.package_identification:_identify(log) ignored
[4.449s] Level 1:colcon.colcon_core.package_identification:_identify(src) by extensions ['ignore', 'ignore_ament_install']
[4.449s] Level 1:colcon.colcon_core.package_identification:_identify(src) by extension 'ignore'
[4.449s] Level 1:colcon.colcon_core.package_identification:_identify(src) by extension 'ignore_ament_install'
[4.450s] Level 1:colcon.colcon_core.package_identification:_identify(src) by extensions ['colcon_pkg']
[4.450s] Level 1:colcon.colcon_core.package_identification:_identify(src) by extension 'colcon_pkg'
[4.450s] Level 1:colcon.colcon_core.package_identification:_identify(src) by extensions ['colcon_meta']
[4.450s] Level 1:colcon.colcon_core.package_identification:_identify(src) by extension 'colcon_meta'
[4.450s] Level 1:colcon.colcon_core.package_identification:_identify(src) by extensions ['ros']
[4.450s] Level 1:colcon.colcon_core.package_identification:_identify(src) by extension 'ros'
[4.451s] Level 1:colcon.colcon_core.package_identification:_identify(src) by extensions ['cmake', 'python']
[4.451s] Level 1:colcon.colcon_core.package_identification:_identify(src) by extension 'cmake'
[4.451s] Level 1:colcon.colcon_core.package_identification:_identify(src) by extension 'python'
[4.451s] Level 1:colcon.colcon_core.package_identification:_identify(src) by extensions ['python_setup_py']
[4.451s] Level 1:colcon.colcon_core.package_identification:_identify(src) by extension 'python_setup_py'
[4.452s] Level 1:colcon.colcon_core.package_identification:_identify(src/robot1) by extensions ['ignore', 'ignore_ament_install']
[4.452s] Level 1:colcon.colcon_core.package_identification:_identify(src/robot1) by extension 'ignore'
[4.452s] Level 1:colcon.colcon_core.package_identification:_identify(src/robot1) by extension 'ignore_ament_install'
[4.452s] Level 1:colcon.colcon_core.package_identification:_identify(src/robot1) by extensions ['colcon_pkg']
[4.452s] Level 1:colcon.colcon_core.package_identification:_identify(src/robot1) by extension 'colcon_pkg'
[4.453s] Level 1:colcon.colcon_core.package_identification:_identify(src/robot1) by extensions ['colcon_meta']
[4.453s] Level 1:colcon.colcon_core.package_identification:_identify(src/robot1) by extension 'colcon_meta'
[4.453s] Level 1:colcon.colcon_core.package_identification:_identify(src/robot1) by extensions ['ros']
[4.453s] Level 1:colcon.colcon_core.package_identification:_identify(src/robot1) by extension 'ros'
[4.462s] DEBUG:colcon.colcon_core.package_identification:Package 'src/robot1' with type 'ros.ament_python' and name 'robot1'
[4.462s] Level 1:colcon.colcon_core.package_discovery:discover_packages(recursive) using defaults
[4.462s] Level 1:colcon.colcon_core.package_discovery:discover_packages(ignore) discover
[4.463s] Level 1:colcon.colcon_core.package_discovery:discover_packages(ignore) using defaults
[4.463s] Level 1:colcon.colcon_core.package_discovery:discover_packages(path) discover
[4.463s] Level 1:colcon.colcon_core.package_discovery:discover_packages(path) using defaults
[4.831s] Level 1:colcon.colcon_core.package_discovery:discover_packages(prefix_path) check parameters
[4.832s] Level 1:colcon.colcon_core.package_discovery:discover_packages(prefix_path) discover
[4.960s] DEBUG:colcon.colcon_installed_package_information.package_discovery:Found 270 installed packages in /opt/ros/humble
[4.966s] Level 1:colcon.colcon_core.package_discovery:discover_packages(prefix_path) using defaults
[5.358s] Level 5:colcon.colcon_core.verb:set package 'robot1' build argument 'cmake_args' from command line to 'None'
[5.358s] Level 5:colcon.colcon_core.verb:set package 'robot1' build argument 'cmake_target' from command line to 'None'
[5.358s] Level 5:colcon.colcon_core.verb:set package 'robot1' build argument 'cmake_target_skip_unavailable' from command line to 'False'
[5.358s] Level 5:colcon.colcon_core.verb:set package 'robot1' build argument 'cmake_clean_cache' from command line to 'False'
[5.358s] Level 5:colcon.colcon_core.verb:set package 'robot1' build argument 'cmake_clean_first' from command line to 'False'
[5.359s] Level 5:colcon.colcon_core.verb:set package 'robot1' build argument 'cmake_force_configure' from command line to 'False'
[5.359s] Level 5:colcon.colcon_core.verb:set package 'robot1' build argument 'ament_cmake_args' from command line to 'None'
[5.359s] Level 5:colcon.colcon_core.verb:set package 'robot1' build argument 'catkin_cmake_args' from command line to 'None'
[5.359s] Level 5:colcon.colcon_core.verb:set package 'robot1' build argument 'catkin_skip_building_tests' from command line to 'False'
[5.359s] DEBUG:colcon.colcon_core.verb:Building package 'robot1' with the following arguments: {'ament_cmake_args': None, 'build_base': '/home/dualipa/ros2_ws/build/robot1', 'catkin_cmake_args': None, 'catkin_skip_building_tests': False, 'cmake_args': None, 'cmake_clean_cache': False, 'cmake_clean_first': False, 'cmake_force_configure': False, 'cmake_target': None, 'cmake_target_skip_unavailable': False, 'install_base': '/home/dualipa/ros2_ws/install/robot1', 'merge_install': False, 'path': '/home/dualipa/ros2_ws/src/robot1', 'symlink_install': False, 'test_result_base': None}
[5.417s] INFO:colcon.colcon_core.executor:Executing jobs using 'parallel' executor
[5.477s] DEBUG:colcon.colcon_parallel_executor.executor.parallel:run_until_complete
[5.478s] INFO:colcon.colcon_ros.task.ament_python.build:Building ROS package in '/home/dualipa/ros2_ws/src/robot1' with build type 'ament_python'
[5.479s] Level 1:colcon.colcon_core.shell:create_environment_hook('robot1', 'ament_prefix_path')
[5.554s] INFO:colcon.colcon_core.plugin_system:Skipping extension 'colcon_core.shell.bat': Not used on non-Windows systems
[5.555s] INFO:colcon.colcon_core.shell:Creating environment hook '/home/dualipa/ros2_ws/install/robot1/share/robot1/hook/ament_prefix_path.ps1'
[5.558s] INFO:colcon.colcon_core.shell:Creating environment descriptor '/home/dualipa/ros2_ws/install/robot1/share/robot1/hook/ament_prefix_path.dsv'
[5.560s] INFO:colcon.colcon_core.shell:Creating environment hook '/home/dualipa/ros2_ws/install/robot1/share/robot1/hook/ament_prefix_path.sh'
[5.629s] INFO:colcon.colcon_core.shell:Skip shell extension 'powershell' for command environment: Not usable outside of PowerShell
[5.629s] DEBUG:colcon.colcon_core.shell:Skip shell extension 'dsv' for command environment
[6.978s] INFO:colcon.colcon_core.task.python.build:Building Python package in '/home/dualipa/ros2_ws/src/robot1'
[7.043s] INFO:colcon.colcon_core.shell:Skip shell extension 'powershell' for command environment: Not usable outside of PowerShell
[7.044s] DEBUG:colcon.colcon_core.shell:Skip shell extension 'dsv' for command environment
[8.700s] DEBUG:colcon.colcon_core.event_handler.log_command:Invoking command in '/home/dualipa/ros2_ws/src/robot1': PYTHONPATH=/home/dualipa/ros2_ws/build/robot1/prefix_override:/home/dualipa/ros2_ws/install/robot1/lib/python3.10/site-packages:${PYTHONPATH} /usr/bin/python3 setup.py egg_info --egg-base ../../build/robot1 build --build-base /home/dualipa/ros2_ws/build/robot1/build install --record /home/dualipa/ros2_ws/build/robot1/install.log --single-version-externally-managed
[10.181s] DEBUG:colcon.colcon_core.event_handler.log_command:Invoked command in '/home/dualipa/ros2_ws/src/robot1' returned '0': PYTHONPATH=/home/dualipa/ros2_ws/build/robot1/prefix_override:/home/dualipa/ros2_ws/install/robot1/lib/python3.10/site-packages:${PYTHONPATH} /usr/bin/python3 setup.py egg_info --egg-base ../../build/robot1 build --build-base /home/dualipa/ros2_ws/build/robot1/build install --record /home/dualipa/ros2_ws/build/robot1/install.log --single-version-externally-managed
[10.257s] Level 1:colcon.colcon_core.environment:checking '/home/dualipa/ros2_ws/install/robot1' for CMake module files
[10.260s] Level 1:colcon.colcon_core.environment:checking '/home/dualipa/ros2_ws/install/robot1' for CMake config files
[10.263s] Level 1:colcon.colcon_core.environment:checking '/home/dualipa/ros2_ws/install/robot1/lib'
[10.264s] Level 1:colcon.colcon_core.environment:checking '/home/dualipa/ros2_ws/install/robot1/bin'
[10.264s] Level 1:colcon.colcon_core.environment:checking '/home/dualipa/ros2_ws/install/robot1/lib/pkgconfig/robot1.pc'
[10.265s] Level 1:colcon.colcon_core.environment:checking '/home/dualipa/ros2_ws/install/robot1/lib/python3.10/site-packages'
[10.265s] Level 1:colcon.colcon_core.shell:create_environment_hook('robot1', 'pythonpath')
[10.323s] INFO:colcon.colcon_core.shell:Creating environment hook '/home/dualipa/ros2_ws/install/robot1/share/robot1/hook/pythonpath.ps1'
[10.325s] INFO:colcon.colcon_core.shell:Creating environment descriptor '/home/dualipa/ros2_ws/install/robot1/share/robot1/hook/pythonpath.dsv'
[10.327s] INFO:colcon.colcon_core.shell:Creating environment hook '/home/dualipa/ros2_ws/install/robot1/share/robot1/hook/pythonpath.sh'
[10.330s] Level 1:colcon.colcon_core.environment:checking '/home/dualipa/ros2_ws/install/robot1/bin'
[10.330s] Level 1:colcon.colcon_core.environment:create_environment_scripts_only(robot1)
[10.391s] INFO:colcon.colcon_core.shell:Creating package script '/home/dualipa/ros2_ws/install/robot1/share/robot1/package.ps1'
[10.394s] INFO:colcon.colcon_core.shell:Creating package descriptor '/home/dualipa/ros2_ws/install/robot1/share/robot1/package.dsv'
[10.397s] INFO:colcon.colcon_core.shell:Creating package script '/home/dualipa/ros2_ws/install/robot1/share/robot1/package.sh'
[10.400s] INFO:colcon.colcon_core.shell:Creating package script '/home/dualipa/ros2_ws/install/robot1/share/robot1/package.bash'
[10.404s] INFO:colcon.colcon_core.shell:Creating package script '/home/dualipa/ros2_ws/install/robot1/share/robot1/package.zsh'
[10.407s] Level 1:colcon.colcon_core.environment:create_file_with_runtime_dependencies(/home/dualipa/ros2_ws/install/robot1/share/colcon-core/packages/robot1)
[10.408s] DEBUG:colcon.colcon_parallel_executor.executor.parallel:closing loop
[10.410s] DEBUG:colcon.colcon_parallel_executor.executor.parallel:loop closed
[10.410s] DEBUG:colcon.colcon_parallel_executor.executor.parallel:run_until_complete finished with '0'
[10.411s] DEBUG:colcon.colcon_core.event_reactor:joining thread
[10.500s] INFO:colcon.colcon_core.plugin_system:Skipping extension 'colcon_notification.desktop_notification.terminal_notifier': Not used on non-Darwin systems
[10.500s] INFO:colcon.colcon_core.plugin_system:Skipping extension 'colcon_notification.desktop_notification.win32': Not used on non-Windows systems
[10.500s] INFO:colcon.colcon_notification.desktop_notification:Sending desktop notification using 'notify2'
[10.554s] DEBUG:colcon.colcon_core.event_reactor:joined thread
[10.643s] INFO:colcon.colcon_core.shell:Creating prefix script '/home/dualipa/ros2_ws/install/local_setup.ps1'
[10.647s] INFO:colcon.colcon_core.shell:Creating prefix util module '/home/dualipa/ros2_ws/install/_local_setup_util_ps1.py'
[10.654s] INFO:colcon.colcon_core.shell:Creating prefix chain script '/home/dualipa/ros2_ws/install/setup.ps1'
[10.731s] INFO:colcon.colcon_core.shell:Creating prefix script '/home/dualipa/ros2_ws/install/local_setup.sh'
[10.736s] INFO:colcon.colcon_core.shell:Creating prefix util module '/home/dualipa/ros2_ws/install/_local_setup_util_sh.py'
[10.738s] INFO:colcon.colcon_core.shell:Creating prefix chain script '/home/dualipa/ros2_ws/install/setup.sh'
[10.804s] INFO:colcon.colcon_core.shell:Creating prefix script '/home/dualipa/ros2_ws/install/local_setup.bash'
[10.806s] INFO:colcon.colcon_core.shell:Creating prefix chain script '/home/dualipa/ros2_ws/install/setup.bash'
[10.867s] INFO:colcon.colcon_core.shell:Creating prefix script '/home/dualipa/ros2_ws/install/local_setup.zsh'
[10.870s] INFO:colcon.colcon_core.shell:Creating prefix chain script '/home/dualipa/ros2_ws/install/setup.zsh'
