[3.220s] Invoking command in '/home/dualipa/ros2_ws/src/robot1': PYTHONPATH=/home/dualipa/ros2_ws/build/robot1/prefix_override:/home/dualipa/ros2_ws/install/robot1/lib/python3.10/site-packages:${PYTHONPATH} /usr/bin/python3 setup.py egg_info --egg-base ../../build/robot1 build --build-base /home/dualipa/ros2_ws/build/robot1/build install --record /home/dualipa/ros2_ws/build/robot1/install.log --single-version-externally-managed
[4.456s] running egg_info
[4.459s] writing ../../build/robot1/robot1.egg-info/PKG-INFO
[4.460s] writing dependency_links to ../../build/robot1/robot1.egg-info/dependency_links.txt
[4.460s] writing entry points to ../../build/robot1/robot1.egg-info/entry_points.txt
[4.461s] writing requirements to ../../build/robot1/robot1.egg-info/requires.txt
[4.462s] writing top-level names to ../../build/robot1/robot1.egg-info/top_level.txt
[4.473s] reading manifest file '../../build/robot1/robot1.egg-info/SOURCES.txt'
[4.477s] writing manifest file '../../build/robot1/robot1.egg-info/SOURCES.txt'
[4.477s] running build
[4.478s] running build_py
[4.479s] running install
[4.480s] running install_lib
[4.485s] running install_data
[4.487s] running install_egg_info
[4.494s] removing '/home/dualipa/ros2_ws/install/robot1/lib/python3.10/site-packages/robot1-0.0.0-py3.10.egg-info' (and everything under it)
[4.496s] Copying ../../build/robot1/robot1.egg-info to /home/dualipa/ros2_ws/install/robot1/lib/python3.10/site-packages/robot1-0.0.0-py3.10.egg-info
[4.501s] running install_scripts
[4.577s] Installing robot1_node script to /home/dualipa/ros2_ws/install/robot1/lib/robot1
[4.579s] writing list of installed files to '/home/dualipa/ros2_ws/build/robot1/install.log'
[4.701s] Invoked command in '/home/dualipa/ros2_ws/src/robot1' returned '0': PYTHONPATH=/home/dualipa/ros2_ws/build/robot1/prefix_override:/home/dualipa/ros2_ws/install/robot1/lib/python3.10/site-packages:${PYTHONPATH} /usr/bin/python3 setup.py egg_info --egg-base ../../build/robot1 build --build-base /home/dualipa/ros2_ws/build/robot1/build install --record /home/dualipa/ros2_ws/build/robot1/install.log --single-version-externally-managed
