[4.289s] DEBUG:colcon:Command line arguments: ['/usr/bin/colcon', 'build', '--symlink-install']
[4.289s] DEBUG:colcon:Parsed command line arguments: Namespace(log_base=None, log_level=None, verb_name='build', build_base='build', install_base='install', merge_install=False, symlink_install=True, test_result_base=None, continue_on_error=False, executor='parallel', parallel_workers=4, event_handlers=None, ignore_user_meta=False, metas=['./colcon.meta'], base_paths=['.'], packages_ignore=None, packages_ignore_regex=None, paths=None, packages_up_to=None, packages_up_to_regex=None, packages_above=None, packages_above_and_dependencies=None, packages_above_depth=None, packages_select_by_dep=None, packages_skip_by_dep=None, packages_skip_up_to=None, packages_select_build_failed=False, packages_skip_build_finished=False, packages_select_test_failures=False, packages_skip_test_passed=False, packages_select=None, packages_skip=None, packages_select_regex=None, packages_skip_regex=None, packages_start=None, packages_end=None, allow_overriding=[], cmake_args=None, cmake_target=None, cmake_target_skip_unavailable=False, cmake_clean_cache=False, cmake_clean_first=False, cmake_force_configure=False, ament_cmake_args=None, catkin_cmake_args=None, catkin_skip_building_tests=False, verb_parser=<colcon_defaults.argument_parser.defaults.DefaultArgumentsDecorator object at 0xffff852bdb40>, verb_extension=<colcon_core.verb.build.BuildVerb object at 0xffff855aa1a0>, main=<bound method BuildVerb.main of <colcon_core.verb.build.BuildVerb object at 0xffff855aa1a0>>)
[4.483s] Level 1:colcon.colcon_core.package_discovery:discover_packages(colcon_meta) check parameters
[4.484s] Level 1:colcon.colcon_core.package_discovery:discover_packages(recursive) check parameters
[4.484s] Level 1:colcon.colcon_core.package_discovery:discover_packages(ignore) check parameters
[4.484s] Level 1:colcon.colcon_core.package_discovery:discover_packages(path) check parameters
[4.484s] Level 1:colcon.colcon_core.package_discovery:discover_packages(colcon_meta) discover
[4.484s] Level 1:colcon.colcon_core.package_discovery:discover_packages(recursive) discover
[4.485s] INFO:colcon.colcon_core.package_discovery:Crawling recursively for packages in '/home/dualipa/ros2_ws'
[4.485s] Level 1:colcon.colcon_core.package_identification:_identify(.) by extensions ['ignore', 'ignore_ament_install']
[4.485s] Level 1:colcon.colcon_core.package_identification:_identify(.) by extension 'ignore'
[4.486s] Level 1:colcon.colcon_core.package_identification:_identify(.) by extension 'ignore_ament_install'
[4.486s] Level 1:colcon.colcon_core.package_identification:_identify(.) by extensions ['colcon_pkg']
[4.486s] Level 1:colcon.colcon_core.package_identification:_identify(.) by extension 'colcon_pkg'
[4.487s] Level 1:colcon.colcon_core.package_identification:_identify(.) by extensions ['colcon_meta']
[4.487s] Level 1:colcon.colcon_core.package_identification:_identify(.) by extension 'colcon_meta'
[4.487s] Level 1:colcon.colcon_core.package_identification:_identify(.) by extensions ['ros']
[4.487s] Level 1:colcon.colcon_core.package_identification:_identify(.) by extension 'ros'
[4.530s] Level 1:colcon.colcon_core.package_identification:_identify(.) by extensions ['cmake', 'python']
[4.530s] Level 1:colcon.colcon_core.package_identification:_identify(.) by extension 'cmake'
[4.530s] Level 1:colcon.colcon_core.package_identification:_identify(.) by extension 'python'
[4.531s] Level 1:colcon.colcon_core.package_identification:_identify(.) by extensions ['python_setup_py']
[4.531s] Level 1:colcon.colcon_core.package_identification:_identify(.) by extension 'python_setup_py'
[4.531s] Level 1:colcon.colcon_core.package_identification:_identify(build) by extensions ['ignore', 'ignore_ament_install']
[4.532s] Level 1:colcon.colcon_core.package_identification:_identify(build) by extension 'ignore'
[4.532s] Level 1:colcon.colcon_core.package_identification:_identify(build) ignored
[4.533s] Level 1:colcon.colcon_core.package_identification:_identify(install) by extensions ['ignore', 'ignore_ament_install']
[4.533s] Level 1:colcon.colcon_core.package_identification:_identify(install) by extension 'ignore'
[4.534s] Level 1:colcon.colcon_core.package_identification:_identify(install) ignored
[4.534s] Level 1:colcon.colcon_core.package_identification:_identify(log) by extensions ['ignore', 'ignore_ament_install']
[4.535s] Level 1:colcon.colcon_core.package_identification:_identify(log) by extension 'ignore'
[4.535s] Level 1:colcon.colcon_core.package_identification:_identify(log) ignored
[4.536s] Level 1:colcon.colcon_core.package_identification:_identify(src) by extensions ['ignore', 'ignore_ament_install']
[4.536s] Level 1:colcon.colcon_core.package_identification:_identify(src) by extension 'ignore'
[4.536s] Level 1:colcon.colcon_core.package_identification:_identify(src) by extension 'ignore_ament_install'
[4.537s] Level 1:colcon.colcon_core.package_identification:_identify(src) by extensions ['colcon_pkg']
[4.537s] Level 1:colcon.colcon_core.package_identification:_identify(src) by extension 'colcon_pkg'
[4.537s] Level 1:colcon.colcon_core.package_identification:_identify(src) by extensions ['colcon_meta']
[4.537s] Level 1:colcon.colcon_core.package_identification:_identify(src) by extension 'colcon_meta'
[4.537s] Level 1:colcon.colcon_core.package_identification:_identify(src) by extensions ['ros']
[4.537s] Level 1:colcon.colcon_core.package_identification:_identify(src) by extension 'ros'
[4.538s] Level 1:colcon.colcon_core.package_identification:_identify(src) by extensions ['cmake', 'python']
[4.538s] Level 1:colcon.colcon_core.package_identification:_identify(src) by extension 'cmake'
[4.538s] Level 1:colcon.colcon_core.package_identification:_identify(src) by extension 'python'
[4.538s] Level 1:colcon.colcon_core.package_identification:_identify(src) by extensions ['python_setup_py']
[4.538s] Level 1:colcon.colcon_core.package_identification:_identify(src) by extension 'python_setup_py'
[4.539s] Level 1:colcon.colcon_core.package_identification:_identify(src/robot1) by extensions ['ignore', 'ignore_ament_install']
[4.539s] Level 1:colcon.colcon_core.package_identification:_identify(src/robot1) by extension 'ignore'
[4.539s] Level 1:colcon.colcon_core.package_identification:_identify(src/robot1) by extension 'ignore_ament_install'
[4.539s] Level 1:colcon.colcon_core.package_identification:_identify(src/robot1) by extensions ['colcon_pkg']
[4.540s] Level 1:colcon.colcon_core.package_identification:_identify(src/robot1) by extension 'colcon_pkg'
[4.540s] Level 1:colcon.colcon_core.package_identification:_identify(src/robot1) by extensions ['colcon_meta']
[4.540s] Level 1:colcon.colcon_core.package_identification:_identify(src/robot1) by extension 'colcon_meta'
[4.540s] Level 1:colcon.colcon_core.package_identification:_identify(src/robot1) by extensions ['ros']
[4.540s] Level 1:colcon.colcon_core.package_identification:_identify(src/robot1) by extension 'ros'
[4.549s] DEBUG:colcon.colcon_core.package_identification:Package 'src/robot1' with type 'ros.ament_python' and name 'robot1'
[4.550s] Level 1:colcon.colcon_core.package_discovery:discover_packages(recursive) using defaults
[4.550s] Level 1:colcon.colcon_core.package_discovery:discover_packages(ignore) discover
[4.550s] Level 1:colcon.colcon_core.package_discovery:discover_packages(ignore) using defaults
[4.550s] Level 1:colcon.colcon_core.package_discovery:discover_packages(path) discover
[4.550s] Level 1:colcon.colcon_core.package_discovery:discover_packages(path) using defaults
[4.944s] Level 1:colcon.colcon_core.package_discovery:discover_packages(prefix_path) check parameters
[4.944s] Level 1:colcon.colcon_core.package_discovery:discover_packages(prefix_path) discover
[5.074s] DEBUG:colcon.colcon_installed_package_information.package_discovery:Found 1 installed packages in /home/dualipa/ros2_ws/install
[5.139s] DEBUG:colcon.colcon_installed_package_information.package_discovery:Found 270 installed packages in /opt/ros/humble
[5.145s] Level 1:colcon.colcon_core.package_discovery:discover_packages(prefix_path) using defaults
[5.535s] Level 5:colcon.colcon_core.verb:set package 'robot1' build argument 'cmake_args' from command line to 'None'
[5.535s] Level 5:colcon.colcon_core.verb:set package 'robot1' build argument 'cmake_target' from command line to 'None'
[5.535s] Level 5:colcon.colcon_core.verb:set package 'robot1' build argument 'cmake_target_skip_unavailable' from command line to 'False'
[5.535s] Level 5:colcon.colcon_core.verb:set package 'robot1' build argument 'cmake_clean_cache' from command line to 'False'
[5.535s] Level 5:colcon.colcon_core.verb:set package 'robot1' build argument 'cmake_clean_first' from command line to 'False'
[5.535s] Level 5:colcon.colcon_core.verb:set package 'robot1' build argument 'cmake_force_configure' from command line to 'False'
[5.535s] Level 5:colcon.colcon_core.verb:set package 'robot1' build argument 'ament_cmake_args' from command line to 'None'
[5.536s] Level 5:colcon.colcon_core.verb:set package 'robot1' build argument 'catkin_cmake_args' from command line to 'None'
[5.536s] Level 5:colcon.colcon_core.verb:set package 'robot1' build argument 'catkin_skip_building_tests' from command line to 'False'
[5.536s] DEBUG:colcon.colcon_core.verb:Building package 'robot1' with the following arguments: {'ament_cmake_args': None, 'build_base': '/home/dualipa/ros2_ws/build/robot1', 'catkin_cmake_args': None, 'catkin_skip_building_tests': False, 'cmake_args': None, 'cmake_clean_cache': False, 'cmake_clean_first': False, 'cmake_force_configure': False, 'cmake_target': None, 'cmake_target_skip_unavailable': False, 'install_base': '/home/dualipa/ros2_ws/install/robot1', 'merge_install': False, 'path': '/home/dualipa/ros2_ws/src/robot1', 'symlink_install': True, 'test_result_base': None}
[5.593s] INFO:colcon.colcon_core.executor:Executing jobs using 'parallel' executor
[5.658s] DEBUG:colcon.colcon_parallel_executor.executor.parallel:run_until_complete
[5.658s] INFO:colcon.colcon_ros.task.ament_python.build:Building ROS package in '/home/dualipa/ros2_ws/src/robot1' with build type 'ament_python'
[5.659s] Level 1:colcon.colcon_core.shell:create_environment_hook('robot1', 'ament_prefix_path')
[5.735s] INFO:colcon.colcon_core.plugin_system:Skipping extension 'colcon_core.shell.bat': Not used on non-Windows systems
[5.736s] INFO:colcon.colcon_core.shell:Creating environment hook '/home/dualipa/ros2_ws/install/robot1/share/robot1/hook/ament_prefix_path.ps1'
[5.738s] INFO:colcon.colcon_core.shell:Creating environment descriptor '/home/dualipa/ros2_ws/install/robot1/share/robot1/hook/ament_prefix_path.dsv'
[5.740s] INFO:colcon.colcon_core.shell:Creating environment hook '/home/dualipa/ros2_ws/install/robot1/share/robot1/hook/ament_prefix_path.sh'
[5.817s] INFO:colcon.colcon_core.shell:Skip shell extension 'powershell' for command environment: Not usable outside of PowerShell
[5.817s] DEBUG:colcon.colcon_core.shell:Skip shell extension 'dsv' for command environment
[7.249s] INFO:colcon.colcon_core.task.python.build:Building Python package in '/home/dualipa/ros2_ws/src/robot1'
[7.318s] INFO:colcon.colcon_core.shell:Skip shell extension 'powershell' for command environment: Not usable outside of PowerShell
[7.318s] DEBUG:colcon.colcon_core.shell:Skip shell extension 'dsv' for command environment
[9.037s] DEBUG:colcon.colcon_core.task.python.build:While undoing a previous installation files outside the Python library path are being ignored: /home/dualipa/ros2_ws/install/robot1/share/ament_index/resource_index/packages/robot1
[9.037s] DEBUG:colcon.colcon_core.task.python.build:While undoing a previous installation files outside the Python library path are being ignored: /home/dualipa/ros2_ws/install/robot1/share/robot1/package.xml
[9.038s] DEBUG:colcon.colcon_core.task.python.build:While undoing a previous installation files outside the Python library path are being ignored: /home/dualipa/ros2_ws/install/robot1/lib/robot1/robot1_node
[9.045s] DEBUG:colcon.colcon_core.event_handler.log_command:Invoking command in '/home/dualipa/ros2_ws/build/robot1': PYTHONPATH=/home/dualipa/ros2_ws/build/robot1/prefix_override:/home/dualipa/ros2_ws/install/robot1/lib/python3.10/site-packages:${PYTHONPATH} /usr/bin/python3 setup.py develop --editable --build-directory /home/dualipa/ros2_ws/build/robot1/build --no-deps install_data
[11.189s] Level 1:colcon.colcon_core.shell:create_environment_hook('robot1', 'pythonpath_develop')
[11.190s] DEBUG:colcon.colcon_core.event_handler.log_command:Invoked command in '/home/dualipa/ros2_ws/build/robot1' returned '0': PYTHONPATH=/home/dualipa/ros2_ws/build/robot1/prefix_override:/home/dualipa/ros2_ws/install/robot1/lib/python3.10/site-packages:${PYTHONPATH} /usr/bin/python3 setup.py develop --editable --build-directory /home/dualipa/ros2_ws/build/robot1/build --no-deps install_data
[11.256s] INFO:colcon.colcon_core.shell:Creating environment hook '/home/dualipa/ros2_ws/build/robot1/share/robot1/hook/pythonpath_develop.ps1'
[11.258s] INFO:colcon.colcon_core.shell:Creating environment descriptor '/home/dualipa/ros2_ws/build/robot1/share/robot1/hook/pythonpath_develop.dsv'
[11.259s] INFO:colcon.colcon_core.shell:Creating environment hook '/home/dualipa/ros2_ws/build/robot1/share/robot1/hook/pythonpath_develop.sh'
[11.335s] Level 1:colcon.colcon_core.environment:checking '/home/dualipa/ros2_ws/install/robot1' for CMake module files
[11.338s] Level 1:colcon.colcon_core.environment:checking '/home/dualipa/ros2_ws/install/robot1' for CMake config files
[11.341s] Level 1:colcon.colcon_core.environment:checking '/home/dualipa/ros2_ws/install/robot1/lib'
[11.341s] Level 1:colcon.colcon_core.environment:checking '/home/dualipa/ros2_ws/install/robot1/bin'
[11.342s] Level 1:colcon.colcon_core.environment:checking '/home/dualipa/ros2_ws/install/robot1/lib/pkgconfig/robot1.pc'
[11.343s] Level 1:colcon.colcon_core.environment:checking '/home/dualipa/ros2_ws/install/robot1/lib/python3.10/site-packages'
[11.343s] Level 1:colcon.colcon_core.shell:create_environment_hook('robot1', 'pythonpath')
[11.404s] INFO:colcon.colcon_core.shell:Creating environment hook '/home/dualipa/ros2_ws/install/robot1/share/robot1/hook/pythonpath.ps1'
[11.406s] INFO:colcon.colcon_core.shell:Creating environment descriptor '/home/dualipa/ros2_ws/install/robot1/share/robot1/hook/pythonpath.dsv'
[11.407s] INFO:colcon.colcon_core.shell:Creating environment hook '/home/dualipa/ros2_ws/install/robot1/share/robot1/hook/pythonpath.sh'
[11.410s] Level 1:colcon.colcon_core.environment:checking '/home/dualipa/ros2_ws/install/robot1/bin'
[11.411s] Level 1:colcon.colcon_core.environment:create_environment_scripts_only(robot1)
[11.475s] INFO:colcon.colcon_core.shell:Creating package script '/home/dualipa/ros2_ws/install/robot1/share/robot1/package.ps1'
[11.478s] INFO:colcon.colcon_core.shell:Creating package descriptor '/home/dualipa/ros2_ws/install/robot1/share/robot1/package.dsv'
[11.481s] INFO:colcon.colcon_core.shell:Creating package script '/home/dualipa/ros2_ws/install/robot1/share/robot1/package.sh'
[11.484s] INFO:colcon.colcon_core.shell:Creating package script '/home/dualipa/ros2_ws/install/robot1/share/robot1/package.bash'
[11.488s] INFO:colcon.colcon_core.shell:Creating package script '/home/dualipa/ros2_ws/install/robot1/share/robot1/package.zsh'
[11.492s] Level 1:colcon.colcon_core.environment:create_file_with_runtime_dependencies(/home/dualipa/ros2_ws/install/robot1/share/colcon-core/packages/robot1)
[11.493s] DEBUG:colcon.colcon_parallel_executor.executor.parallel:closing loop
[11.495s] DEBUG:colcon.colcon_parallel_executor.executor.parallel:loop closed
[11.495s] DEBUG:colcon.colcon_parallel_executor.executor.parallel:run_until_complete finished with '0'
[11.496s] DEBUG:colcon.colcon_core.event_reactor:joining thread
[11.585s] INFO:colcon.colcon_core.plugin_system:Skipping extension 'colcon_notification.desktop_notification.terminal_notifier': Not used on non-Darwin systems
[11.585s] INFO:colcon.colcon_core.plugin_system:Skipping extension 'colcon_notification.desktop_notification.win32': Not used on non-Windows systems
[11.585s] INFO:colcon.colcon_notification.desktop_notification:Sending desktop notification using 'notify2'
[11.639s] DEBUG:colcon.colcon_core.event_reactor:joined thread
[11.730s] INFO:colcon.colcon_core.shell:Creating prefix script '/home/dualipa/ros2_ws/install/local_setup.ps1'
[11.735s] INFO:colcon.colcon_core.shell:Creating prefix util module '/home/dualipa/ros2_ws/install/_local_setup_util_ps1.py'
[11.740s] INFO:colcon.colcon_core.shell:Creating prefix chain script '/home/dualipa/ros2_ws/install/setup.ps1'
[11.819s] INFO:colcon.colcon_core.shell:Creating prefix script '/home/dualipa/ros2_ws/install/local_setup.sh'
[11.822s] INFO:colcon.colcon_core.shell:Creating prefix util module '/home/dualipa/ros2_ws/install/_local_setup_util_sh.py'
[11.824s] INFO:colcon.colcon_core.shell:Creating prefix chain script '/home/dualipa/ros2_ws/install/setup.sh'
[11.889s] INFO:colcon.colcon_core.shell:Creating prefix script '/home/dualipa/ros2_ws/install/local_setup.bash'
[11.891s] INFO:colcon.colcon_core.shell:Creating prefix chain script '/home/dualipa/ros2_ws/install/setup.bash'
[11.956s] INFO:colcon.colcon_core.shell:Creating prefix script '/home/dualipa/ros2_ws/install/local_setup.zsh'
[11.958s] INFO:colcon.colcon_core.shell:Creating prefix chain script '/home/dualipa/ros2_ws/install/setup.zsh'
