[7.146s] Invoking command in '/home/dualipa/mark1/src/robot1': PYTHONPATH=/home/dualipa/mark1/build/robot1/prefix_override:/home/dualipa/mark1/install/robot1/lib/python3.10/site-packages:${PYTHONPATH} /usr/bin/python3 -W ignore:setup.py install is deprecated setup.py egg_info --egg-base ../../build/robot1 build --build-base /home/dualipa/mark1/build/robot1/build install --record /home/dualipa/mark1/build/robot1/install.log --single-version-externally-managed install_data
[9.620s] running egg_info
[9.625s] writing ../../build/robot1/robot1.egg-info/PKG-INFO
[9.630s] writing dependency_links to ../../build/robot1/robot1.egg-info/dependency_links.txt
[9.631s] writing entry points to ../../build/robot1/robot1.egg-info/entry_points.txt
[9.632s] writing requirements to ../../build/robot1/robot1.egg-info/requires.txt
[9.633s] writing top-level names to ../../build/robot1/robot1.egg-info/top_level.txt
[9.643s] reading manifest file '../../build/robot1/robot1.egg-info/SOURCES.txt'
[9.648s] writing manifest file '../../build/robot1/robot1.egg-info/SOURCES.txt'
[9.649s] running build
[9.649s] running build_py
[9.652s] copying robot1/servotest2.py -> /home/dualipa/mark1/build/robot1/build/lib/robot1
[9.653s] copying robot1/robot1_node.py -> /home/dualipa/mark1/build/robot1/build/lib/robot1
[9.655s] running install
[9.657s] running install_lib
[9.660s] copying /home/dualipa/mark1/build/robot1/build/lib/robot1/servotest2.py -> /home/dualipa/mark1/install/robot1/lib/python3.10/site-packages/robot1
[9.661s] copying /home/dualipa/mark1/build/robot1/build/lib/robot1/robot1_node.py -> /home/dualipa/mark1/install/robot1/lib/python3.10/site-packages/robot1
[9.665s] byte-compiling /home/dualipa/mark1/install/robot1/lib/python3.10/site-packages/robot1/servotest2.py to servotest2.cpython-310.pyc
[9.668s] byte-compiling /home/dualipa/mark1/install/robot1/lib/python3.10/site-packages/robot1/robot1_node.py to robot1_node.cpython-310.pyc
[9.673s] running install_data
[9.673s] running install_egg_info
[9.680s] removing '/home/dualipa/mark1/install/robot1/lib/python3.10/site-packages/robot1-0.0.0-py3.10.egg-info' (and everything under it)
[9.682s] Copying ../../build/robot1/robot1.egg-info to /home/dualipa/mark1/install/robot1/lib/python3.10/site-packages/robot1-0.0.0-py3.10.egg-info
[9.689s] running install_scripts
[9.785s] Installing robot1_node script to /home/dualipa/mark1/install/robot1/lib/robot1
[9.788s] writing list of installed files to '/home/dualipa/mark1/build/robot1/install.log'
[10.126s] Invoked command in '/home/dualipa/mark1/src/robot1' returned '0': PYTHONPATH=/home/dualipa/mark1/build/robot1/prefix_override:/home/dualipa/mark1/install/robot1/lib/python3.10/site-packages:${PYTHONPATH} /usr/bin/python3 -W ignore:setup.py install is deprecated setup.py egg_info --egg-base ../../build/robot1 build --build-base /home/dualipa/mark1/build/robot1/build install --record /home/dualipa/mark1/build/robot1/install.log --single-version-externally-managed install_data
