[3.292s] Invoking command in '/home/dualipa/ros2_ws/src/robot1': PYTHONPATH=/home/dualipa/ros2_ws/build/robot1/prefix_override:/home/dualipa/ros2_ws/install/robot1/lib/python3.10/site-packages:${PYTHONPATH} /usr/bin/python3 setup.py egg_info --egg-base ../../build/robot1 build --build-base /home/dualipa/ros2_ws/build/robot1/build install --record /home/dualipa/ros2_ws/build/robot1/install.log --single-version-externally-managed
[4.390s] running egg_info
[4.392s] writing ../../build/robot1/robot1.egg-info/PKG-INFO
[4.393s] writing dependency_links to ../../build/robot1/robot1.egg-info/dependency_links.txt
[4.394s] writing entry points to ../../build/robot1/robot1.egg-info/entry_points.txt
[4.394s] writing requirements to ../../build/robot1/robot1.egg-info/requires.txt
[4.395s] writing top-level names to ../../build/robot1/robot1.egg-info/top_level.txt
[4.404s] reading manifest file '../../build/robot1/robot1.egg-info/SOURCES.txt'
[4.408s] writing manifest file '../../build/robot1/robot1.egg-info/SOURCES.txt'
[4.409s] running build
[4.409s] running build_py
[4.410s] copying robot1/servotest2.py -> /home/dualipa/ros2_ws/build/robot1/build/lib/robot1
[4.413s] running install
[4.414s] running install_lib
[4.417s] copying /home/dualipa/ros2_ws/build/robot1/build/lib/robot1/servotest2.py -> /home/dualipa/ros2_ws/install/robot1/lib/python3.10/site-packages/robot1
[4.421s] byte-compiling /home/dualipa/ros2_ws/install/robot1/lib/python3.10/site-packages/robot1/servotest2.py to servotest2.cpython-310.pyc
[4.424s] running install_data
[4.426s] running install_egg_info
[4.433s] removing '/home/dualipa/ros2_ws/install/robot1/lib/python3.10/site-packages/robot1-0.0.0-py3.10.egg-info' (and everything under it)
[4.435s] Copying ../../build/robot1/robot1.egg-info to /home/dualipa/ros2_ws/install/robot1/lib/python3.10/site-packages/robot1-0.0.0-py3.10.egg-info
[4.443s] running install_scripts
[4.516s] Installing robot1_node script to /home/dualipa/ros2_ws/install/robot1/lib/robot1
[4.518s] writing list of installed files to '/home/dualipa/ros2_ws/build/robot1/install.log'
[4.647s] Invoked command in '/home/dualipa/ros2_ws/src/robot1' returned '0': PYTHONPATH=/home/dualipa/ros2_ws/build/robot1/prefix_override:/home/dualipa/ros2_ws/install/robot1/lib/python3.10/site-packages:${PYTHONPATH} /usr/bin/python3 setup.py egg_info --egg-base ../../build/robot1 build --build-base /home/dualipa/ros2_ws/build/robot1/build install --record /home/dualipa/ros2_ws/build/robot1/install.log --single-version-externally-managed
