[3.577s] Invoking command in '/home/dualipa/ros2_ws/src/robot1': PYTHONPATH=/home/dualipa/ros2_ws/build/robot1/prefix_override:/home/dualipa/ros2_ws/install/robot1/lib/python3.10/site-packages:${PYTHONPATH} /usr/bin/python3 setup.py egg_info --egg-base ../../build/robot1 build --build-base /home/dualipa/ros2_ws/build/robot1/build install --record /home/dualipa/ros2_ws/build/robot1/install.log --single-version-externally-managed
[4.694s] running egg_info
[4.696s] writing ../../build/robot1/robot1.egg-info/PKG-INFO
[4.697s] writing dependency_links to ../../build/robot1/robot1.egg-info/dependency_links.txt
[4.698s] writing entry points to ../../build/robot1/robot1.egg-info/entry_points.txt
[4.698s] writing requirements to ../../build/robot1/robot1.egg-info/requires.txt
[4.699s] writing top-level names to ../../build/robot1/robot1.egg-info/top_level.txt
[4.709s] reading manifest file '../../build/robot1/robot1.egg-info/SOURCES.txt'
[4.712s] writing manifest file '../../build/robot1/robot1.egg-info/SOURCES.txt'
[4.713s] running build
[4.713s] running build_py
[4.714s] copying robot1/robot1_node.py -> /home/dualipa/ros2_ws/build/robot1/build/lib/robot1
[4.717s] running install
[4.718s] running install_lib
[4.722s] copying /home/dualipa/ros2_ws/build/robot1/build/lib/robot1/robot1_node.py -> /home/dualipa/ros2_ws/install/robot1/lib/python3.10/site-packages/robot1
[4.727s] byte-compiling /home/dualipa/ros2_ws/install/robot1/lib/python3.10/site-packages/robot1/robot1_node.py to robot1_node.cpython-310.pyc
[4.731s] running install_data
[4.734s] running install_egg_info
[4.740s] removing '/home/dualipa/ros2_ws/install/robot1/lib/python3.10/site-packages/robot1-0.0.0-py3.10.egg-info' (and everything under it)
[4.742s] Copying ../../build/robot1/robot1.egg-info to /home/dualipa/ros2_ws/install/robot1/lib/python3.10/site-packages/robot1-0.0.0-py3.10.egg-info
[4.748s] running install_scripts
[4.824s] Installing robot1_node script to /home/dualipa/ros2_ws/install/robot1/lib/robot1
[4.826s] writing list of installed files to '/home/dualipa/ros2_ws/build/robot1/install.log'
[4.962s] Invoked command in '/home/dualipa/ros2_ws/src/robot1' returned '0': PYTHONPATH=/home/dualipa/ros2_ws/build/robot1/prefix_override:/home/dualipa/ros2_ws/install/robot1/lib/python3.10/site-packages:${PYTHONPATH} /usr/bin/python3 setup.py egg_info --egg-base ../../build/robot1 build --build-base /home/dualipa/ros2_ws/build/robot1/build install --record /home/dualipa/ros2_ws/build/robot1/install.log --single-version-externally-managed
