[3.405s] Invoking command in '/home/dualipa/ros2_ws/src/robot1': PYTHONPATH=/home/dualipa/ros2_ws/build/robot1/prefix_override:/home/dualipa/ros2_ws/install/robot1/lib/python3.10/site-packages:${PYTHONPATH} /usr/bin/python3 setup.py egg_info --egg-base ../../build/robot1 build --build-base /home/dualipa/ros2_ws/build/robot1/build install --record /home/dualipa/ros2_ws/build/robot1/install.log --single-version-externally-managed
[4.533s] running egg_info
[4.535s] writing ../../build/robot1/robot1.egg-info/PKG-INFO
[4.536s] writing dependency_links to ../../build/robot1/robot1.egg-info/dependency_links.txt
[4.537s] writing entry points to ../../build/robot1/robot1.egg-info/entry_points.txt
[4.538s] writing requirements to ../../build/robot1/robot1.egg-info/requires.txt
[4.539s] writing top-level names to ../../build/robot1/robot1.egg-info/top_level.txt
[4.549s] reading manifest file '../../build/robot1/robot1.egg-info/SOURCES.txt'
[4.553s] writing manifest file '../../build/robot1/robot1.egg-info/SOURCES.txt'
[4.553s] running build
[4.554s] running build_py
[4.555s] copying robot1/robot1_node.py -> /home/dualipa/ros2_ws/build/robot1/build/lib/robot1
[4.557s] running install
[4.559s] running install_lib
[4.563s] copying /home/dualipa/ros2_ws/build/robot1/build/lib/robot1/robot1_node.py -> /home/dualipa/ros2_ws/install/robot1/lib/python3.10/site-packages/robot1
[4.567s] byte-compiling /home/dualipa/ros2_ws/install/robot1/lib/python3.10/site-packages/robot1/robot1_node.py to robot1_node.cpython-310.pyc
[4.572s] running install_data
[4.575s] running install_egg_info
[4.581s] removing '/home/dualipa/ros2_ws/install/robot1/lib/python3.10/site-packages/robot1-0.0.0-py3.10.egg-info' (and everything under it)
[4.583s] Copying ../../build/robot1/robot1.egg-info to /home/dualipa/ros2_ws/install/robot1/lib/python3.10/site-packages/robot1-0.0.0-py3.10.egg-info
[4.589s] running install_scripts
[4.664s] Installing robot1_node script to /home/dualipa/ros2_ws/install/robot1/lib/robot1
[4.666s] writing list of installed files to '/home/dualipa/ros2_ws/build/robot1/install.log'
[4.801s] Invoked command in '/home/dualipa/ros2_ws/src/robot1' returned '0': PYTHONPATH=/home/dualipa/ros2_ws/build/robot1/prefix_override:/home/dualipa/ros2_ws/install/robot1/lib/python3.10/site-packages:${PYTHONPATH} /usr/bin/python3 setup.py egg_info --egg-base ../../build/robot1 build --build-base /home/dualipa/ros2_ws/build/robot1/build install --record /home/dualipa/ros2_ws/build/robot1/install.log --single-version-externally-managed
