[3.217s] Invoking command in '/home/dualipa/ros2_ws/src/robot1': PYTHONPATH=/home/dualipa/ros2_ws/build/robot1/prefix_override:/home/dualipa/ros2_ws/install/robot1/lib/python3.10/site-packages:${PYTHONPATH} /usr/bin/python3 setup.py egg_info --egg-base ../../build/robot1 build --build-base /home/dualipa/ros2_ws/build/robot1/build install --record /home/dualipa/ros2_ws/build/robot1/install.log --single-version-externally-managed
[4.337s] running egg_info
[4.345s] writing ../../build/robot1/robot1.egg-info/PKG-INFO
[4.346s] writing dependency_links to ../../build/robot1/robot1.egg-info/dependency_links.txt
[4.347s] writing entry points to ../../build/robot1/robot1.egg-info/entry_points.txt
[4.347s] writing requirements to ../../build/robot1/robot1.egg-info/requires.txt
[4.348s] writing top-level names to ../../build/robot1/robot1.egg-info/top_level.txt
[4.362s] reading manifest file '../../build/robot1/robot1.egg-info/SOURCES.txt'
[4.365s] writing manifest file '../../build/robot1/robot1.egg-info/SOURCES.txt'
[4.370s] running build
[4.370s] running build_py
[4.371s] running install
[4.371s] running install_lib
[4.375s] running install_data
[4.378s] running install_egg_info
[4.384s] removing '/home/dualipa/ros2_ws/install/robot1/lib/python3.10/site-packages/robot1-0.0.0-py3.10.egg-info' (and everything under it)
[4.386s] Copying ../../build/robot1/robot1.egg-info to /home/dualipa/ros2_ws/install/robot1/lib/python3.10/site-packages/robot1-0.0.0-py3.10.egg-info
[4.391s] running install_scripts
[4.465s] Installing robot1_node script to /home/dualipa/ros2_ws/install/robot1/lib/robot1
[4.467s] writing list of installed files to '/home/dualipa/ros2_ws/build/robot1/install.log'
[4.596s] Invoked command in '/home/dualipa/ros2_ws/src/robot1' returned '0': PYTHONPATH=/home/dualipa/ros2_ws/build/robot1/prefix_override:/home/dualipa/ros2_ws/install/robot1/lib/python3.10/site-packages:${PYTHONPATH} /usr/bin/python3 setup.py egg_info --egg-base ../../build/robot1 build --build-base /home/dualipa/ros2_ws/build/robot1/build install --record /home/dualipa/ros2_ws/build/robot1/install.log --single-version-externally-managed
