[4.474s] DEBUG:colcon:Command line arguments: ['/usr/bin/colcon', 'build']
[4.475s] DEBUG:colcon:Parsed command line arguments: Namespace(log_base=None, log_level=None, verb_name='build', build_base='build', install_base='install', merge_install=False, symlink_install=False, test_result_base=None, continue_on_error=False, executor='parallel', parallel_workers=4, event_handlers=None, ignore_user_meta=False, metas=['./colcon.meta'], base_paths=['.'], packages_ignore=None, packages_ignore_regex=None, paths=None, packages_up_to=None, packages_up_to_regex=None, packages_above=None, packages_above_and_dependencies=None, packages_above_depth=None, packages_select_by_dep=None, packages_skip_by_dep=None, packages_skip_up_to=None, packages_select_build_failed=False, packages_skip_build_finished=False, packages_select_test_failures=False, packages_skip_test_passed=False, packages_select=None, packages_skip=None, packages_select_regex=None, packages_skip_regex=None, packages_start=None, packages_end=None, allow_overriding=[], cmake_args=None, cmake_target=None, cmake_target_skip_unavailable=False, cmake_clean_cache=False, cmake_clean_first=False, cmake_force_configure=False, ament_cmake_args=None, catkin_cmake_args=None, catkin_skip_building_tests=False, verb_parser=<colcon_defaults.argument_parser.defaults.DefaultArgumentsDecorator object at 0xffffb89fee90>, verb_extension=<colcon_core.verb.build.BuildVerb object at 0xffffb8cea1a0>, main=<bound method BuildVerb.main of <colcon_core.verb.build.BuildVerb object at 0xffffb8cea1a0>>)
[4.671s] Level 1:colcon.colcon_core.package_discovery:discover_packages(colcon_meta) check parameters
[4.672s] Level 1:colcon.colcon_core.package_discovery:discover_packages(recursive) check parameters
[4.672s] Level 1:colcon.colcon_core.package_discovery:discover_packages(ignore) check parameters
[4.672s] Level 1:colcon.colcon_core.package_discovery:discover_packages(path) check parameters
[4.672s] Level 1:colcon.colcon_core.package_discovery:discover_packages(colcon_meta) discover
[4.672s] Level 1:colcon.colcon_core.package_discovery:discover_packages(recursive) discover
[4.673s] INFO:colcon.colcon_core.package_discovery:Crawling recursively for packages in '/home/dualipa/ros2_ws'
[4.673s] Level 1:colcon.colcon_core.package_identification:_identify(.) by extensions ['ignore', 'ignore_ament_install']
[4.673s] Level 1:colcon.colcon_core.package_identification:_identify(.) by extension 'ignore'
[4.674s] Level 1:colcon.colcon_core.package_identification:_identify(.) by extension 'ignore_ament_install'
[4.674s] Level 1:colcon.colcon_core.package_identification:_identify(.) by extensions ['colcon_pkg']
[4.674s] Level 1:colcon.colcon_core.package_identification:_identify(.) by extension 'colcon_pkg'
[4.675s] Level 1:colcon.colcon_core.package_identification:_identify(.) by extensions ['colcon_meta']
[4.675s] Level 1:colcon.colcon_core.package_identification:_identify(.) by extension 'colcon_meta'
[4.675s] Level 1:colcon.colcon_core.package_identification:_identify(.) by extensions ['ros']
[4.675s] Level 1:colcon.colcon_core.package_identification:_identify(.) by extension 'ros'
[4.720s] Level 1:colcon.colcon_core.package_identification:_identify(.) by extensions ['cmake', 'python']
[4.720s] Level 1:colcon.colcon_core.package_identification:_identify(.) by extension 'cmake'
[4.720s] Level 1:colcon.colcon_core.package_identification:_identify(.) by extension 'python'
[4.720s] Level 1:colcon.colcon_core.package_identification:_identify(.) by extensions ['python_setup_py']
[4.721s] Level 1:colcon.colcon_core.package_identification:_identify(.) by extension 'python_setup_py'
[4.721s] Level 1:colcon.colcon_core.package_identification:_identify(build) by extensions ['ignore', 'ignore_ament_install']
[4.722s] Level 1:colcon.colcon_core.package_identification:_identify(build) by extension 'ignore'
[4.722s] Level 1:colcon.colcon_core.package_identification:_identify(build) ignored
[4.723s] Level 1:colcon.colcon_core.package_identification:_identify(install) by extensions ['ignore', 'ignore_ament_install']
[4.723s] Level 1:colcon.colcon_core.package_identification:_identify(install) by extension 'ignore'
[4.724s] Level 1:colcon.colcon_core.package_identification:_identify(install) ignored
[4.725s] Level 1:colcon.colcon_core.package_identification:_identify(log) by extensions ['ignore', 'ignore_ament_install']
[4.725s] Level 1:colcon.colcon_core.package_identification:_identify(log) by extension 'ignore'
[4.725s] Level 1:colcon.colcon_core.package_identification:_identify(log) ignored
[4.726s] Level 1:colcon.colcon_core.package_identification:_identify(src) by extensions ['ignore', 'ignore_ament_install']
[4.726s] Level 1:colcon.colcon_core.package_identification:_identify(src) by extension 'ignore'
[4.727s] Level 1:colcon.colcon_core.package_identification:_identify(src) by extension 'ignore_ament_install'
[4.727s] Level 1:colcon.colcon_core.package_identification:_identify(src) by extensions ['colcon_pkg']
[4.728s] Level 1:colcon.colcon_core.package_identification:_identify(src) by extension 'colcon_pkg'
[4.728s] Level 1:colcon.colcon_core.package_identification:_identify(src) by extensions ['colcon_meta']
[4.728s] Level 1:colcon.colcon_core.package_identification:_identify(src) by extension 'colcon_meta'
[4.728s] Level 1:colcon.colcon_core.package_identification:_identify(src) by extensions ['ros']
[4.728s] Level 1:colcon.colcon_core.package_identification:_identify(src) by extension 'ros'
[4.728s] Level 1:colcon.colcon_core.package_identification:_identify(src) by extensions ['cmake', 'python']
[4.729s] Level 1:colcon.colcon_core.package_identification:_identify(src) by extension 'cmake'
[4.729s] Level 1:colcon.colcon_core.package_identification:_identify(src) by extension 'python'
[4.729s] Level 1:colcon.colcon_core.package_identification:_identify(src) by extensions ['python_setup_py']
[4.729s] Level 1:colcon.colcon_core.package_identification:_identify(src) by extension 'python_setup_py'
[4.730s] Level 1:colcon.colcon_core.package_identification:_identify(src/robot1) by extensions ['ignore', 'ignore_ament_install']
[4.730s] Level 1:colcon.colcon_core.package_identification:_identify(src/robot1) by extension 'ignore'
[4.730s] Level 1:colcon.colcon_core.package_identification:_identify(src/robot1) by extension 'ignore_ament_install'
[4.730s] Level 1:colcon.colcon_core.package_identification:_identify(src/robot1) by extensions ['colcon_pkg']
[4.730s] Level 1:colcon.colcon_core.package_identification:_identify(src/robot1) by extension 'colcon_pkg'
[4.731s] Level 1:colcon.colcon_core.package_identification:_identify(src/robot1) by extensions ['colcon_meta']
[4.731s] Level 1:colcon.colcon_core.package_identification:_identify(src/robot1) by extension 'colcon_meta'
[4.731s] Level 1:colcon.colcon_core.package_identification:_identify(src/robot1) by extensions ['ros']
[4.731s] Level 1:colcon.colcon_core.package_identification:_identify(src/robot1) by extension 'ros'
[4.740s] DEBUG:colcon.colcon_core.package_identification:Package 'src/robot1' with type 'ros.ament_python' and name 'robot1'
[4.741s] Level 1:colcon.colcon_core.package_discovery:discover_packages(recursive) using defaults
[4.741s] Level 1:colcon.colcon_core.package_discovery:discover_packages(ignore) discover
[4.741s] Level 1:colcon.colcon_core.package_discovery:discover_packages(ignore) using defaults
[4.741s] Level 1:colcon.colcon_core.package_discovery:discover_packages(path) discover
[4.741s] Level 1:colcon.colcon_core.package_discovery:discover_packages(path) using defaults
[5.130s] Level 1:colcon.colcon_core.package_discovery:discover_packages(prefix_path) check parameters
[5.130s] Level 1:colcon.colcon_core.package_discovery:discover_packages(prefix_path) discover
[5.275s] DEBUG:colcon.colcon_installed_package_information.package_discovery:Found 1 installed packages in /home/dualipa/ros2_ws/install
[5.341s] DEBUG:colcon.colcon_installed_package_information.package_discovery:Found 270 installed packages in /opt/ros/humble
[5.347s] Level 1:colcon.colcon_core.package_discovery:discover_packages(prefix_path) using defaults
[5.768s] Level 5:colcon.colcon_core.verb:set package 'robot1' build argument 'cmake_args' from command line to 'None'
[5.769s] Level 5:colcon.colcon_core.verb:set package 'robot1' build argument 'cmake_target' from command line to 'None'
[5.769s] Level 5:colcon.colcon_core.verb:set package 'robot1' build argument 'cmake_target_skip_unavailable' from command line to 'False'
[5.769s] Level 5:colcon.colcon_core.verb:set package 'robot1' build argument 'cmake_clean_cache' from command line to 'False'
[5.769s] Level 5:colcon.colcon_core.verb:set package 'robot1' build argument 'cmake_clean_first' from command line to 'False'
[5.769s] Level 5:colcon.colcon_core.verb:set package 'robot1' build argument 'cmake_force_configure' from command line to 'False'
[5.770s] Level 5:colcon.colcon_core.verb:set package 'robot1' build argument 'ament_cmake_args' from command line to 'None'
[5.770s] Level 5:colcon.colcon_core.verb:set package 'robot1' build argument 'catkin_cmake_args' from command line to 'None'
[5.770s] Level 5:colcon.colcon_core.verb:set package 'robot1' build argument 'catkin_skip_building_tests' from command line to 'False'
[5.770s] DEBUG:colcon.colcon_core.verb:Building package 'robot1' with the following arguments: {'ament_cmake_args': None, 'build_base': '/home/dualipa/ros2_ws/build/robot1', 'catkin_cmake_args': None, 'catkin_skip_building_tests': False, 'cmake_args': None, 'cmake_clean_cache': False, 'cmake_clean_first': False, 'cmake_force_configure': False, 'cmake_target': None, 'cmake_target_skip_unavailable': False, 'install_base': '/home/dualipa/ros2_ws/install/robot1', 'merge_install': False, 'path': '/home/dualipa/ros2_ws/src/robot1', 'symlink_install': False, 'test_result_base': None}
[5.840s] INFO:colcon.colcon_core.executor:Executing jobs using 'parallel' executor
[5.900s] DEBUG:colcon.colcon_parallel_executor.executor.parallel:run_until_complete
[5.901s] INFO:colcon.colcon_ros.task.ament_python.build:Building ROS package in '/home/dualipa/ros2_ws/src/robot1' with build type 'ament_python'
[5.901s] Level 1:colcon.colcon_core.shell:create_environment_hook('robot1', 'ament_prefix_path')
[5.974s] INFO:colcon.colcon_core.plugin_system:Skipping extension 'colcon_core.shell.bat': Not used on non-Windows systems
[5.975s] INFO:colcon.colcon_core.shell:Creating environment hook '/home/dualipa/ros2_ws/install/robot1/share/robot1/hook/ament_prefix_path.ps1'
[5.978s] INFO:colcon.colcon_core.shell:Creating environment descriptor '/home/dualipa/ros2_ws/install/robot1/share/robot1/hook/ament_prefix_path.dsv'
[5.979s] INFO:colcon.colcon_core.shell:Creating environment hook '/home/dualipa/ros2_ws/install/robot1/share/robot1/hook/ament_prefix_path.sh'
[6.056s] INFO:colcon.colcon_core.shell:Skip shell extension 'powershell' for command environment: Not usable outside of PowerShell
[6.056s] DEBUG:colcon.colcon_core.shell:Skip shell extension 'dsv' for command environment
[7.679s] INFO:colcon.colcon_core.task.python.build:Building Python package in '/home/dualipa/ros2_ws/src/robot1'
[7.744s] INFO:colcon.colcon_core.shell:Skip shell extension 'powershell' for command environment: Not usable outside of PowerShell
[7.744s] DEBUG:colcon.colcon_core.shell:Skip shell extension 'dsv' for command environment
[9.479s] DEBUG:colcon.colcon_core.event_handler.log_command:Invoking command in '/home/dualipa/ros2_ws/src/robot1': PYTHONPATH=/home/dualipa/ros2_ws/build/robot1/prefix_override:/home/dualipa/ros2_ws/install/robot1/lib/python3.10/site-packages:${PYTHONPATH} /usr/bin/python3 setup.py egg_info --egg-base ../../build/robot1 build --build-base /home/dualipa/ros2_ws/build/robot1/build install --record /home/dualipa/ros2_ws/build/robot1/install.log --single-version-externally-managed
[10.864s] DEBUG:colcon.colcon_core.event_handler.log_command:Invoked command in '/home/dualipa/ros2_ws/src/robot1' returned '0': PYTHONPATH=/home/dualipa/ros2_ws/build/robot1/prefix_override:/home/dualipa/ros2_ws/install/robot1/lib/python3.10/site-packages:${PYTHONPATH} /usr/bin/python3 setup.py egg_info --egg-base ../../build/robot1 build --build-base /home/dualipa/ros2_ws/build/robot1/build install --record /home/dualipa/ros2_ws/build/robot1/install.log --single-version-externally-managed
[10.937s] Level 1:colcon.colcon_core.environment:checking '/home/dualipa/ros2_ws/install/robot1' for CMake module files
[10.939s] Level 1:colcon.colcon_core.environment:checking '/home/dualipa/ros2_ws/install/robot1' for CMake config files
[10.943s] Level 1:colcon.colcon_core.environment:checking '/home/dualipa/ros2_ws/install/robot1/lib'
[10.944s] Level 1:colcon.colcon_core.environment:checking '/home/dualipa/ros2_ws/install/robot1/bin'
[10.944s] Level 1:colcon.colcon_core.environment:checking '/home/dualipa/ros2_ws/install/robot1/lib/pkgconfig/robot1.pc'
[10.945s] Level 1:colcon.colcon_core.environment:checking '/home/dualipa/ros2_ws/install/robot1/lib/python3.10/site-packages'
[10.945s] Level 1:colcon.colcon_core.shell:create_environment_hook('robot1', 'pythonpath')
[11.006s] INFO:colcon.colcon_core.shell:Creating environment hook '/home/dualipa/ros2_ws/install/robot1/share/robot1/hook/pythonpath.ps1'
[11.008s] INFO:colcon.colcon_core.shell:Creating environment descriptor '/home/dualipa/ros2_ws/install/robot1/share/robot1/hook/pythonpath.dsv'
[11.010s] INFO:colcon.colcon_core.shell:Creating environment hook '/home/dualipa/ros2_ws/install/robot1/share/robot1/hook/pythonpath.sh'
[11.012s] Level 1:colcon.colcon_core.environment:checking '/home/dualipa/ros2_ws/install/robot1/bin'
[11.013s] Level 1:colcon.colcon_core.environment:create_environment_scripts_only(robot1)
[11.082s] INFO:colcon.colcon_core.shell:Creating package script '/home/dualipa/ros2_ws/install/robot1/share/robot1/package.ps1'
[11.085s] INFO:colcon.colcon_core.shell:Creating package descriptor '/home/dualipa/ros2_ws/install/robot1/share/robot1/package.dsv'
[11.088s] INFO:colcon.colcon_core.shell:Creating package script '/home/dualipa/ros2_ws/install/robot1/share/robot1/package.sh'
[11.091s] INFO:colcon.colcon_core.shell:Creating package script '/home/dualipa/ros2_ws/install/robot1/share/robot1/package.bash'
[11.094s] INFO:colcon.colcon_core.shell:Creating package script '/home/dualipa/ros2_ws/install/robot1/share/robot1/package.zsh'
[11.097s] Level 1:colcon.colcon_core.environment:create_file_with_runtime_dependencies(/home/dualipa/ros2_ws/install/robot1/share/colcon-core/packages/robot1)
[11.098s] DEBUG:colcon.colcon_parallel_executor.executor.parallel:closing loop
[11.100s] DEBUG:colcon.colcon_parallel_executor.executor.parallel:loop closed
[11.100s] DEBUG:colcon.colcon_parallel_executor.executor.parallel:run_until_complete finished with '0'
[11.100s] DEBUG:colcon.colcon_core.event_reactor:joining thread
[11.195s] INFO:colcon.colcon_core.plugin_system:Skipping extension 'colcon_notification.desktop_notification.terminal_notifier': Not used on non-Darwin systems
[11.195s] INFO:colcon.colcon_core.plugin_system:Skipping extension 'colcon_notification.desktop_notification.win32': Not used on non-Windows systems
[11.195s] INFO:colcon.colcon_notification.desktop_notification:Sending desktop notification using 'notify2'
[11.249s] DEBUG:colcon.colcon_core.event_reactor:joined thread
[11.341s] INFO:colcon.colcon_core.shell:Creating prefix script '/home/dualipa/ros2_ws/install/local_setup.ps1'
[11.345s] INFO:colcon.colcon_core.shell:Creating prefix util module '/home/dualipa/ros2_ws/install/_local_setup_util_ps1.py'
[11.350s] INFO:colcon.colcon_core.shell:Creating prefix chain script '/home/dualipa/ros2_ws/install/setup.ps1'
[11.423s] INFO:colcon.colcon_core.shell:Creating prefix script '/home/dualipa/ros2_ws/install/local_setup.sh'
[11.426s] INFO:colcon.colcon_core.shell:Creating prefix util module '/home/dualipa/ros2_ws/install/_local_setup_util_sh.py'
[11.428s] INFO:colcon.colcon_core.shell:Creating prefix chain script '/home/dualipa/ros2_ws/install/setup.sh'
[11.497s] INFO:colcon.colcon_core.shell:Creating prefix script '/home/dualipa/ros2_ws/install/local_setup.bash'
[11.499s] INFO:colcon.colcon_core.shell:Creating prefix chain script '/home/dualipa/ros2_ws/install/setup.bash'
[11.560s] INFO:colcon.colcon_core.shell:Creating prefix script '/home/dualipa/ros2_ws/install/local_setup.zsh'
[11.562s] INFO:colcon.colcon_core.shell:Creating prefix chain script '/home/dualipa/ros2_ws/install/setup.zsh'
