[4.442s] DEBUG:colcon:Command line arguments: ['/usr/bin/colcon', 'build']
[4.442s] DEBUG:colcon:Parsed command line arguments: Namespace(log_base=None, log_level=None, verb_name='build', build_base='build', install_base='install', merge_install=False, symlink_install=False, test_result_base=None, continue_on_error=False, executor='parallel', parallel_workers=4, event_handlers=None, ignore_user_meta=False, metas=['./colcon.meta'], base_paths=['.'], packages_ignore=None, packages_ignore_regex=None, paths=None, packages_up_to=None, packages_up_to_regex=None, packages_above=None, packages_above_and_dependencies=None, packages_above_depth=None, packages_select_by_dep=None, packages_skip_by_dep=None, packages_skip_up_to=None, packages_select_build_failed=False, packages_skip_build_finished=False, packages_select_test_failures=False, packages_skip_test_passed=False, packages_select=None, packages_skip=None, packages_select_regex=None, packages_skip_regex=None, packages_start=None, packages_end=None, allow_overriding=[], cmake_args=None, cmake_target=None, cmake_target_skip_unavailable=False, cmake_clean_cache=False, cmake_clean_first=False, cmake_force_configure=False, ament_cmake_args=None, catkin_cmake_args=None, catkin_skip_building_tests=False, verb_parser=<colcon_defaults.argument_parser.defaults.DefaultArgumentsDecorator object at 0xffffb119d420>, verb_extension=<colcon_core.verb.build.BuildVerb object at 0xffffb148a1a0>, main=<bound method BuildVerb.main of <colcon_core.verb.build.BuildVerb object at 0xffffb148a1a0>>)
[4.639s] Level 1:colcon.colcon_core.package_discovery:discover_packages(colcon_meta) check parameters
[4.639s] Level 1:colcon.colcon_core.package_discovery:discover_packages(recursive) check parameters
[4.640s] Level 1:colcon.colcon_core.package_discovery:discover_packages(ignore) check parameters
[4.640s] Level 1:colcon.colcon_core.package_discovery:discover_packages(path) check parameters
[4.640s] Level 1:colcon.colcon_core.package_discovery:discover_packages(colcon_meta) discover
[4.640s] Level 1:colcon.colcon_core.package_discovery:discover_packages(recursive) discover
[4.640s] INFO:colcon.colcon_core.package_discovery:Crawling recursively for packages in '/home/dualipa/ros2_ws'
[4.641s] Level 1:colcon.colcon_core.package_identification:_identify(.) by extensions ['ignore', 'ignore_ament_install']
[4.641s] Level 1:colcon.colcon_core.package_identification:_identify(.) by extension 'ignore'
[4.641s] Level 1:colcon.colcon_core.package_identification:_identify(.) by extension 'ignore_ament_install'
[4.641s] Level 1:colcon.colcon_core.package_identification:_identify(.) by extensions ['colcon_pkg']
[4.642s] Level 1:colcon.colcon_core.package_identification:_identify(.) by extension 'colcon_pkg'
[4.642s] Level 1:colcon.colcon_core.package_identification:_identify(.) by extensions ['colcon_meta']
[4.642s] Level 1:colcon.colcon_core.package_identification:_identify(.) by extension 'colcon_meta'
[4.642s] Level 1:colcon.colcon_core.package_identification:_identify(.) by extensions ['ros']
[4.642s] Level 1:colcon.colcon_core.package_identification:_identify(.) by extension 'ros'
[4.686s] Level 1:colcon.colcon_core.package_identification:_identify(.) by extensions ['cmake', 'python']
[4.686s] Level 1:colcon.colcon_core.package_identification:_identify(.) by extension 'cmake'
[4.686s] Level 1:colcon.colcon_core.package_identification:_identify(.) by extension 'python'
[4.686s] Level 1:colcon.colcon_core.package_identification:_identify(.) by extensions ['python_setup_py']
[4.687s] Level 1:colcon.colcon_core.package_identification:_identify(.) by extension 'python_setup_py'
[4.687s] Level 1:colcon.colcon_core.package_identification:_identify(build) by extensions ['ignore', 'ignore_ament_install']
[4.687s] Level 1:colcon.colcon_core.package_identification:_identify(build) by extension 'ignore'
[4.688s] Level 1:colcon.colcon_core.package_identification:_identify(build) ignored
[4.688s] Level 1:colcon.colcon_core.package_identification:_identify(install) by extensions ['ignore', 'ignore_ament_install']
[4.688s] Level 1:colcon.colcon_core.package_identification:_identify(install) by extension 'ignore'
[4.689s] Level 1:colcon.colcon_core.package_identification:_identify(install) ignored
[4.689s] Level 1:colcon.colcon_core.package_identification:_identify(log) by extensions ['ignore', 'ignore_ament_install']
[4.690s] Level 1:colcon.colcon_core.package_identification:_identify(log) by extension 'ignore'
[4.690s] Level 1:colcon.colcon_core.package_identification:_identify(log) ignored
[4.690s] Level 1:colcon.colcon_core.package_identification:_identify(src) by extensions ['ignore', 'ignore_ament_install']
[4.690s] Level 1:colcon.colcon_core.package_identification:_identify(src) by extension 'ignore'
[4.691s] Level 1:colcon.colcon_core.package_identification:_identify(src) by extension 'ignore_ament_install'
[4.691s] Level 1:colcon.colcon_core.package_identification:_identify(src) by extensions ['colcon_pkg']
[4.691s] Level 1:colcon.colcon_core.package_identification:_identify(src) by extension 'colcon_pkg'
[4.691s] Level 1:colcon.colcon_core.package_identification:_identify(src) by extensions ['colcon_meta']
[4.691s] Level 1:colcon.colcon_core.package_identification:_identify(src) by extension 'colcon_meta'
[4.691s] Level 1:colcon.colcon_core.package_identification:_identify(src) by extensions ['ros']
[4.692s] Level 1:colcon.colcon_core.package_identification:_identify(src) by extension 'ros'
[4.692s] Level 1:colcon.colcon_core.package_identification:_identify(src) by extensions ['cmake', 'python']
[4.692s] Level 1:colcon.colcon_core.package_identification:_identify(src) by extension 'cmake'
[4.692s] Level 1:colcon.colcon_core.package_identification:_identify(src) by extension 'python'
[4.692s] Level 1:colcon.colcon_core.package_identification:_identify(src) by extensions ['python_setup_py']
[4.692s] Level 1:colcon.colcon_core.package_identification:_identify(src) by extension 'python_setup_py'
[4.693s] Level 1:colcon.colcon_core.package_identification:_identify(src/robot1) by extensions ['ignore', 'ignore_ament_install']
[4.693s] Level 1:colcon.colcon_core.package_identification:_identify(src/robot1) by extension 'ignore'
[4.693s] Level 1:colcon.colcon_core.package_identification:_identify(src/robot1) by extension 'ignore_ament_install'
[4.694s] Level 1:colcon.colcon_core.package_identification:_identify(src/robot1) by extensions ['colcon_pkg']
[4.694s] Level 1:colcon.colcon_core.package_identification:_identify(src/robot1) by extension 'colcon_pkg'
[4.694s] Level 1:colcon.colcon_core.package_identification:_identify(src/robot1) by extensions ['colcon_meta']
[4.694s] Level 1:colcon.colcon_core.package_identification:_identify(src/robot1) by extension 'colcon_meta'
[4.694s] Level 1:colcon.colcon_core.package_identification:_identify(src/robot1) by extensions ['ros']
[4.694s] Level 1:colcon.colcon_core.package_identification:_identify(src/robot1) by extension 'ros'
[4.703s] DEBUG:colcon.colcon_core.package_identification:Package 'src/robot1' with type 'ros.ament_python' and name 'robot1'
[4.704s] Level 1:colcon.colcon_core.package_discovery:discover_packages(recursive) using defaults
[4.704s] Level 1:colcon.colcon_core.package_discovery:discover_packages(ignore) discover
[4.704s] Level 1:colcon.colcon_core.package_discovery:discover_packages(ignore) using defaults
[4.704s] Level 1:colcon.colcon_core.package_discovery:discover_packages(path) discover
[4.704s] Level 1:colcon.colcon_core.package_discovery:discover_packages(path) using defaults
[5.076s] Level 1:colcon.colcon_core.package_discovery:discover_packages(prefix_path) check parameters
[5.076s] Level 1:colcon.colcon_core.package_discovery:discover_packages(prefix_path) discover
[5.210s] DEBUG:colcon.colcon_installed_package_information.package_discovery:Found 1 installed packages in /home/dualipa/ros2_ws/install
[5.292s] DEBUG:colcon.colcon_installed_package_information.package_discovery:Found 270 installed packages in /opt/ros/humble
[5.298s] Level 1:colcon.colcon_core.package_discovery:discover_packages(prefix_path) using defaults
[5.693s] Level 5:colcon.colcon_core.verb:set package 'robot1' build argument 'cmake_args' from command line to 'None'
[5.694s] Level 5:colcon.colcon_core.verb:set package 'robot1' build argument 'cmake_target' from command line to 'None'
[5.694s] Level 5:colcon.colcon_core.verb:set package 'robot1' build argument 'cmake_target_skip_unavailable' from command line to 'False'
[5.694s] Level 5:colcon.colcon_core.verb:set package 'robot1' build argument 'cmake_clean_cache' from command line to 'False'
[5.694s] Level 5:colcon.colcon_core.verb:set package 'robot1' build argument 'cmake_clean_first' from command line to 'False'
[5.694s] Level 5:colcon.colcon_core.verb:set package 'robot1' build argument 'cmake_force_configure' from command line to 'False'
[5.694s] Level 5:colcon.colcon_core.verb:set package 'robot1' build argument 'ament_cmake_args' from command line to 'None'
[5.695s] Level 5:colcon.colcon_core.verb:set package 'robot1' build argument 'catkin_cmake_args' from command line to 'None'
[5.695s] Level 5:colcon.colcon_core.verb:set package 'robot1' build argument 'catkin_skip_building_tests' from command line to 'False'
[5.695s] DEBUG:colcon.colcon_core.verb:Building package 'robot1' with the following arguments: {'ament_cmake_args': None, 'build_base': '/home/dualipa/ros2_ws/build/robot1', 'catkin_cmake_args': None, 'catkin_skip_building_tests': False, 'cmake_args': None, 'cmake_clean_cache': False, 'cmake_clean_first': False, 'cmake_force_configure': False, 'cmake_target': None, 'cmake_target_skip_unavailable': False, 'install_base': '/home/dualipa/ros2_ws/install/robot1', 'merge_install': False, 'path': '/home/dualipa/ros2_ws/src/robot1', 'symlink_install': False, 'test_result_base': None}
[5.754s] INFO:colcon.colcon_core.executor:Executing jobs using 'parallel' executor
[5.815s] DEBUG:colcon.colcon_parallel_executor.executor.parallel:run_until_complete
[5.816s] INFO:colcon.colcon_ros.task.ament_python.build:Building ROS package in '/home/dualipa/ros2_ws/src/robot1' with build type 'ament_python'
[5.816s] Level 1:colcon.colcon_core.shell:create_environment_hook('robot1', 'ament_prefix_path')
[5.896s] INFO:colcon.colcon_core.plugin_system:Skipping extension 'colcon_core.shell.bat': Not used on non-Windows systems
[5.897s] INFO:colcon.colcon_core.shell:Creating environment hook '/home/dualipa/ros2_ws/install/robot1/share/robot1/hook/ament_prefix_path.ps1'
[5.900s] INFO:colcon.colcon_core.shell:Creating environment descriptor '/home/dualipa/ros2_ws/install/robot1/share/robot1/hook/ament_prefix_path.dsv'
[5.902s] INFO:colcon.colcon_core.shell:Creating environment hook '/home/dualipa/ros2_ws/install/robot1/share/robot1/hook/ament_prefix_path.sh'
[5.975s] INFO:colcon.colcon_core.shell:Skip shell extension 'powershell' for command environment: Not usable outside of PowerShell
[5.975s] DEBUG:colcon.colcon_core.shell:Skip shell extension 'dsv' for command environment
[7.425s] INFO:colcon.colcon_core.task.python.build:Building Python package in '/home/dualipa/ros2_ws/src/robot1'
[7.492s] INFO:colcon.colcon_core.shell:Skip shell extension 'powershell' for command environment: Not usable outside of PowerShell
[7.492s] DEBUG:colcon.colcon_core.shell:Skip shell extension 'dsv' for command environment
[9.232s] DEBUG:colcon.colcon_core.event_handler.log_command:Invoking command in '/home/dualipa/ros2_ws/src/robot1': PYTHONPATH=/home/dualipa/ros2_ws/build/robot1/prefix_override:/home/dualipa/ros2_ws/install/robot1/lib/python3.10/site-packages:${PYTHONPATH} /usr/bin/python3 setup.py egg_info --egg-base ../../build/robot1 build --build-base /home/dualipa/ros2_ws/build/robot1/build install --record /home/dualipa/ros2_ws/build/robot1/install.log --single-version-externally-managed
[10.635s] DEBUG:colcon.colcon_core.event_handler.log_command:Invoked command in '/home/dualipa/ros2_ws/src/robot1' returned '0': PYTHONPATH=/home/dualipa/ros2_ws/build/robot1/prefix_override:/home/dualipa/ros2_ws/install/robot1/lib/python3.10/site-packages:${PYTHONPATH} /usr/bin/python3 setup.py egg_info --egg-base ../../build/robot1 build --build-base /home/dualipa/ros2_ws/build/robot1/build install --record /home/dualipa/ros2_ws/build/robot1/install.log --single-version-externally-managed
[10.712s] Level 1:colcon.colcon_core.environment:checking '/home/dualipa/ros2_ws/install/robot1' for CMake module files
[10.714s] Level 1:colcon.colcon_core.environment:checking '/home/dualipa/ros2_ws/install/robot1' for CMake config files
[10.718s] Level 1:colcon.colcon_core.environment:checking '/home/dualipa/ros2_ws/install/robot1/lib'
[10.719s] Level 1:colcon.colcon_core.environment:checking '/home/dualipa/ros2_ws/install/robot1/bin'
[10.719s] Level 1:colcon.colcon_core.environment:checking '/home/dualipa/ros2_ws/install/robot1/lib/pkgconfig/robot1.pc'
[10.720s] Level 1:colcon.colcon_core.environment:checking '/home/dualipa/ros2_ws/install/robot1/lib/python3.10/site-packages'
[10.720s] Level 1:colcon.colcon_core.shell:create_environment_hook('robot1', 'pythonpath')
[10.779s] INFO:colcon.colcon_core.shell:Creating environment hook '/home/dualipa/ros2_ws/install/robot1/share/robot1/hook/pythonpath.ps1'
[10.782s] INFO:colcon.colcon_core.shell:Creating environment descriptor '/home/dualipa/ros2_ws/install/robot1/share/robot1/hook/pythonpath.dsv'
[10.784s] INFO:colcon.colcon_core.shell:Creating environment hook '/home/dualipa/ros2_ws/install/robot1/share/robot1/hook/pythonpath.sh'
[10.788s] Level 1:colcon.colcon_core.environment:checking '/home/dualipa/ros2_ws/install/robot1/bin'
[10.788s] Level 1:colcon.colcon_core.environment:create_environment_scripts_only(robot1)
[10.851s] INFO:colcon.colcon_core.shell:Creating package script '/home/dualipa/ros2_ws/install/robot1/share/robot1/package.ps1'
[10.855s] INFO:colcon.colcon_core.shell:Creating package descriptor '/home/dualipa/ros2_ws/install/robot1/share/robot1/package.dsv'
[10.857s] INFO:colcon.colcon_core.shell:Creating package script '/home/dualipa/ros2_ws/install/robot1/share/robot1/package.sh'
[10.860s] INFO:colcon.colcon_core.shell:Creating package script '/home/dualipa/ros2_ws/install/robot1/share/robot1/package.bash'
[10.864s] INFO:colcon.colcon_core.shell:Creating package script '/home/dualipa/ros2_ws/install/robot1/share/robot1/package.zsh'
[10.867s] Level 1:colcon.colcon_core.environment:create_file_with_runtime_dependencies(/home/dualipa/ros2_ws/install/robot1/share/colcon-core/packages/robot1)
[10.868s] DEBUG:colcon.colcon_parallel_executor.executor.parallel:closing loop
[10.869s] DEBUG:colcon.colcon_parallel_executor.executor.parallel:loop closed
[10.870s] DEBUG:colcon.colcon_parallel_executor.executor.parallel:run_until_complete finished with '0'
[10.870s] DEBUG:colcon.colcon_core.event_reactor:joining thread
[10.963s] INFO:colcon.colcon_core.plugin_system:Skipping extension 'colcon_notification.desktop_notification.terminal_notifier': Not used on non-Darwin systems
[10.963s] INFO:colcon.colcon_core.plugin_system:Skipping extension 'colcon_notification.desktop_notification.win32': Not used on non-Windows systems
[10.964s] INFO:colcon.colcon_notification.desktop_notification:Sending desktop notification using 'notify2'
[11.017s] DEBUG:colcon.colcon_core.event_reactor:joined thread
[11.105s] INFO:colcon.colcon_core.shell:Creating prefix script '/home/dualipa/ros2_ws/install/local_setup.ps1'
[11.110s] INFO:colcon.colcon_core.shell:Creating prefix util module '/home/dualipa/ros2_ws/install/_local_setup_util_ps1.py'
[11.117s] INFO:colcon.colcon_core.shell:Creating prefix chain script '/home/dualipa/ros2_ws/install/setup.ps1'
[11.193s] INFO:colcon.colcon_core.shell:Creating prefix script '/home/dualipa/ros2_ws/install/local_setup.sh'
[11.197s] INFO:colcon.colcon_core.shell:Creating prefix util module '/home/dualipa/ros2_ws/install/_local_setup_util_sh.py'
[11.200s] INFO:colcon.colcon_core.shell:Creating prefix chain script '/home/dualipa/ros2_ws/install/setup.sh'
[11.265s] INFO:colcon.colcon_core.shell:Creating prefix script '/home/dualipa/ros2_ws/install/local_setup.bash'
[11.268s] INFO:colcon.colcon_core.shell:Creating prefix chain script '/home/dualipa/ros2_ws/install/setup.bash'
[11.334s] INFO:colcon.colcon_core.shell:Creating prefix script '/home/dualipa/ros2_ws/install/local_setup.zsh'
[11.336s] INFO:colcon.colcon_core.shell:Creating prefix chain script '/home/dualipa/ros2_ws/install/setup.zsh'
