[3.581s] Invoking command in '/home/dualipa/ros2_ws/src/robot1': PYTHONPATH=/home/dualipa/ros2_ws/build/robot1/prefix_override:/home/dualipa/ros2_ws/install/robot1/lib/python3.10/site-packages:${PYTHONPATH} /usr/bin/python3 setup.py egg_info --egg-base ../../build/robot1 build --build-base /home/dualipa/ros2_ws/build/robot1/build install --record /home/dualipa/ros2_ws/build/robot1/install.log --single-version-externally-managed
[4.774s] running egg_info
[4.776s] writing ../../build/robot1/robot1.egg-info/PKG-INFO
[4.778s] writing dependency_links to ../../build/robot1/robot1.egg-info/dependency_links.txt
[4.779s] writing entry points to ../../build/robot1/robot1.egg-info/entry_points.txt
[4.779s] writing requirements to ../../build/robot1/robot1.egg-info/requires.txt
[4.780s] writing top-level names to ../../build/robot1/robot1.egg-info/top_level.txt
[4.790s] reading manifest file '../../build/robot1/robot1.egg-info/SOURCES.txt'
[4.793s] writing manifest file '../../build/robot1/robot1.egg-info/SOURCES.txt'
[4.794s] running build
[4.795s] running build_py
[4.795s] copying robot1/robot1_node.py -> /home/dualipa/ros2_ws/build/robot1/build/lib/robot1
[4.797s] running install
[4.798s] running install_lib
[4.802s] copying /home/dualipa/ros2_ws/build/robot1/build/lib/robot1/robot1_node.py -> /home/dualipa/ros2_ws/install/robot1/lib/python3.10/site-packages/robot1
[4.806s] byte-compiling /home/dualipa/ros2_ws/install/robot1/lib/python3.10/site-packages/robot1/robot1_node.py to robot1_node.cpython-310.pyc
[4.809s] running install_data
[4.811s] running install_egg_info
[4.818s] removing '/home/dualipa/ros2_ws/install/robot1/lib/python3.10/site-packages/robot1-0.0.0-py3.10.egg-info' (and everything under it)
[4.820s] Copying ../../build/robot1/robot1.egg-info to /home/dualipa/ros2_ws/install/robot1/lib/python3.10/site-packages/robot1-0.0.0-py3.10.egg-info
[4.826s] running install_scripts
[4.908s] Installing robot1_node script to /home/dualipa/ros2_ws/install/robot1/lib/robot1
[4.909s] writing list of installed files to '/home/dualipa/ros2_ws/build/robot1/install.log'
[5.047s] Invoked command in '/home/dualipa/ros2_ws/src/robot1' returned '0': PYTHONPATH=/home/dualipa/ros2_ws/build/robot1/prefix_override:/home/dualipa/ros2_ws/install/robot1/lib/python3.10/site-packages:${PYTHONPATH} /usr/bin/python3 setup.py egg_info --egg-base ../../build/robot1 build --build-base /home/dualipa/ros2_ws/build/robot1/build install --record /home/dualipa/ros2_ws/build/robot1/install.log --single-version-externally-managed
