[3.492s] Invoking command in '/home/dualipa/ros2_ws/src/robot1': PYTHONPATH=/home/dualipa/ros2_ws/build/robot1/prefix_override:/home/dualipa/ros2_ws/install/robot1/lib/python3.10/site-packages:${PYTHONPATH} /usr/bin/python3 setup.py egg_info --egg-base ../../build/robot1 build --build-base /home/dualipa/ros2_ws/build/robot1/build install --record /home/dualipa/ros2_ws/build/robot1/install.log --single-version-externally-managed
[4.615s] running egg_info
[4.617s] writing ../../build/robot1/robot1.egg-info/PKG-INFO
[4.618s] writing dependency_links to ../../build/robot1/robot1.egg-info/dependency_links.txt
[4.619s] writing entry points to ../../build/robot1/robot1.egg-info/entry_points.txt
[4.619s] writing requirements to ../../build/robot1/robot1.egg-info/requires.txt
[4.620s] writing top-level names to ../../build/robot1/robot1.egg-info/top_level.txt
[4.629s] reading manifest file '../../build/robot1/robot1.egg-info/SOURCES.txt'
[4.633s] writing manifest file '../../build/robot1/robot1.egg-info/SOURCES.txt'
[4.634s] running build
[4.634s] running build_py
[4.635s] copying robot1/robot1_node.py -> /home/dualipa/ros2_ws/build/robot1/build/lib/robot1
[4.638s] running install
[4.639s] running install_lib
[4.642s] copying /home/dualipa/ros2_ws/build/robot1/build/lib/robot1/robot1_node.py -> /home/dualipa/ros2_ws/install/robot1/lib/python3.10/site-packages/robot1
[4.646s] byte-compiling /home/dualipa/ros2_ws/install/robot1/lib/python3.10/site-packages/robot1/robot1_node.py to robot1_node.cpython-310.pyc
[4.650s] running install_data
[4.653s] running install_egg_info
[4.661s] removing '/home/dualipa/ros2_ws/install/robot1/lib/python3.10/site-packages/robot1-0.0.0-py3.10.egg-info' (and everything under it)
[4.663s] Copying ../../build/robot1/robot1.egg-info to /home/dualipa/ros2_ws/install/robot1/lib/python3.10/site-packages/robot1-0.0.0-py3.10.egg-info
[4.669s] running install_scripts
[4.744s] Installing robot1_node script to /home/dualipa/ros2_ws/install/robot1/lib/robot1
[4.746s] writing list of installed files to '/home/dualipa/ros2_ws/build/robot1/install.log'
[4.883s] Invoked command in '/home/dualipa/ros2_ws/src/robot1' returned '0': PYTHONPATH=/home/dualipa/ros2_ws/build/robot1/prefix_override:/home/dualipa/ros2_ws/install/robot1/lib/python3.10/site-packages:${PYTHONPATH} /usr/bin/python3 setup.py egg_info --egg-base ../../build/robot1 build --build-base /home/dualipa/ros2_ws/build/robot1/build install --record /home/dualipa/ros2_ws/build/robot1/install.log --single-version-externally-managed
