[3.532s] Invoking command in '/home/dualipa/ros2_ws/src/robot1': PYTHONPATH=/home/dualipa/ros2_ws/build/robot1/prefix_override:/home/dualipa/ros2_ws/install/robot1/lib/python3.10/site-packages:${PYTHONPATH} /usr/bin/python3 setup.py egg_info --egg-base ../../build/robot1 build --build-base /home/dualipa/ros2_ws/build/robot1/build install --record /home/dualipa/ros2_ws/build/robot1/install.log --single-version-externally-managed
[4.663s] running egg_info
[4.666s] writing ../../build/robot1/robot1.egg-info/PKG-INFO
[4.670s] writing dependency_links to ../../build/robot1/robot1.egg-info/dependency_links.txt
[4.671s] writing entry points to ../../build/robot1/robot1.egg-info/entry_points.txt
[4.673s] writing requirements to ../../build/robot1/robot1.egg-info/requires.txt
[4.674s] writing top-level names to ../../build/robot1/robot1.egg-info/top_level.txt
[4.684s] reading manifest file '../../build/robot1/robot1.egg-info/SOURCES.txt'
[4.688s] writing manifest file '../../build/robot1/robot1.egg-info/SOURCES.txt'
[4.689s] running build
[4.690s] running build_py
[4.691s] copying robot1/robot1_node.py -> /home/dualipa/ros2_ws/build/robot1/build/lib/robot1
[4.692s] copying robot1/ledtest.py -> /home/dualipa/ros2_ws/build/robot1/build/lib/robot1
[4.693s] copying robot1/servotest.py -> /home/dualipa/ros2_ws/build/robot1/build/lib/robot1
[4.694s] copying robot1/servotestspeeddir.py -> /home/dualipa/ros2_ws/build/robot1/build/lib/robot1
[4.695s] running install
[4.697s] running install_lib
[4.700s] copying /home/dualipa/ros2_ws/build/robot1/build/lib/robot1/robot1_node.py -> /home/dualipa/ros2_ws/install/robot1/lib/python3.10/site-packages/robot1
[4.701s] copying /home/dualipa/ros2_ws/build/robot1/build/lib/robot1/ledtest.py -> /home/dualipa/ros2_ws/install/robot1/lib/python3.10/site-packages/robot1
[4.702s] copying /home/dualipa/ros2_ws/build/robot1/build/lib/robot1/servotest.py -> /home/dualipa/ros2_ws/install/robot1/lib/python3.10/site-packages/robot1
[4.704s] copying /home/dualipa/ros2_ws/build/robot1/build/lib/robot1/servotestspeeddir.py -> /home/dualipa/ros2_ws/install/robot1/lib/python3.10/site-packages/robot1
[4.706s] byte-compiling /home/dualipa/ros2_ws/install/robot1/lib/python3.10/site-packages/robot1/robot1_node.py to robot1_node.cpython-310.pyc
[4.709s] byte-compiling /home/dualipa/ros2_ws/install/robot1/lib/python3.10/site-packages/robot1/ledtest.py to ledtest.cpython-310.pyc
[4.710s] byte-compiling /home/dualipa/ros2_ws/install/robot1/lib/python3.10/site-packages/robot1/servotest.py to servotest.cpython-310.pyc
[4.712s] byte-compiling /home/dualipa/ros2_ws/install/robot1/lib/python3.10/site-packages/robot1/servotestspeeddir.py to servotestspeeddir.cpython-310.pyc
[4.714s] running install_data
[4.717s] copying package.xml -> /home/dualipa/ros2_ws/install/robot1/share/robot1
[4.717s] running install_egg_info
[4.725s] removing '/home/dualipa/ros2_ws/install/robot1/lib/python3.10/site-packages/robot1-0.0.0-py3.10.egg-info' (and everything under it)
[4.727s] Copying ../../build/robot1/robot1.egg-info to /home/dualipa/ros2_ws/install/robot1/lib/python3.10/site-packages/robot1-0.0.0-py3.10.egg-info
[4.733s] running install_scripts
[4.809s] Installing robot1_node script to /home/dualipa/ros2_ws/install/robot1/lib/robot1
[4.811s] writing list of installed files to '/home/dualipa/ros2_ws/build/robot1/install.log'
[4.939s] Invoked command in '/home/dualipa/ros2_ws/src/robot1' returned '0': PYTHONPATH=/home/dualipa/ros2_ws/build/robot1/prefix_override:/home/dualipa/ros2_ws/install/robot1/lib/python3.10/site-packages:${PYTHONPATH} /usr/bin/python3 setup.py egg_info --egg-base ../../build/robot1 build --build-base /home/dualipa/ros2_ws/build/robot1/build install --record /home/dualipa/ros2_ws/build/robot1/install.log --single-version-externally-managed
