[3.505s] Invoking command in '/home/dualipa/ros2_ws/src/robot1': PYTHONPATH=/home/dualipa/ros2_ws/build/robot1/prefix_override:/home/dualipa/ros2_ws/install/robot1/lib/python3.10/site-packages:${PYTHONPATH} /usr/bin/python3 setup.py egg_info --egg-base ../../build/robot1 build --build-base /home/dualipa/ros2_ws/build/robot1/build install --record /home/dualipa/ros2_ws/build/robot1/install.log --single-version-externally-managed
[4.638s] running egg_info
[4.640s] writing ../../build/robot1/robot1.egg-info/PKG-INFO
[4.641s] writing dependency_links to ../../build/robot1/robot1.egg-info/dependency_links.txt
[4.642s] writing entry points to ../../build/robot1/robot1.egg-info/entry_points.txt
[4.642s] writing requirements to ../../build/robot1/robot1.egg-info/requires.txt
[4.643s] writing top-level names to ../../build/robot1/robot1.egg-info/top_level.txt
[4.653s] reading manifest file '../../build/robot1/robot1.egg-info/SOURCES.txt'
[4.657s] writing manifest file '../../build/robot1/robot1.egg-info/SOURCES.txt'
[4.658s] running build
[4.659s] running build_py
[4.659s] copying robot1/robot1_node.py -> /home/dualipa/ros2_ws/build/robot1/build/lib/robot1
[4.662s] running install
[4.663s] running install_lib
[4.668s] copying /home/dualipa/ros2_ws/build/robot1/build/lib/robot1/robot1_node.py -> /home/dualipa/ros2_ws/install/robot1/lib/python3.10/site-packages/robot1
[4.672s] byte-compiling /home/dualipa/ros2_ws/install/robot1/lib/python3.10/site-packages/robot1/robot1_node.py to robot1_node.cpython-310.pyc
[4.675s] running install_data
[4.677s] running install_egg_info
[4.684s] removing '/home/dualipa/ros2_ws/install/robot1/lib/python3.10/site-packages/robot1-0.0.0-py3.10.egg-info' (and everything under it)
[4.686s] Copying ../../build/robot1/robot1.egg-info to /home/dualipa/ros2_ws/install/robot1/lib/python3.10/site-packages/robot1-0.0.0-py3.10.egg-info
[4.692s] running install_scripts
[4.768s] Installing robot1_node script to /home/dualipa/ros2_ws/install/robot1/lib/robot1
[4.770s] writing list of installed files to '/home/dualipa/ros2_ws/build/robot1/install.log'
[4.900s] Invoked command in '/home/dualipa/ros2_ws/src/robot1' returned '0': PYTHONPATH=/home/dualipa/ros2_ws/build/robot1/prefix_override:/home/dualipa/ros2_ws/install/robot1/lib/python3.10/site-packages:${PYTHONPATH} /usr/bin/python3 setup.py egg_info --egg-base ../../build/robot1 build --build-base /home/dualipa/ros2_ws/build/robot1/build install --record /home/dualipa/ros2_ws/build/robot1/install.log --single-version-externally-managed
