[2.888s] Invoking command in '/home/dualipa/mark1/src/robot1': PYTHONPATH=/home/dualipa/mark1/build/robot1/prefix_override:/home/dualipa/mark1/install/robot1/lib/python3.10/site-packages:${PYTHONPATH} /usr/bin/python3 -W ignore:setup.py install is deprecated setup.py egg_info --egg-base ../../build/robot1 build --build-base /home/dualipa/mark1/build/robot1/build install --record /home/dualipa/mark1/build/robot1/install.log --single-version-externally-managed install_data
[4.075s] running egg_info
[4.081s] writing ../../build/robot1/robot1.egg-info/PKG-INFO
[4.082s] writing dependency_links to ../../build/robot1/robot1.egg-info/dependency_links.txt
[4.083s] writing entry points to ../../build/robot1/robot1.egg-info/entry_points.txt
[4.084s] writing requirements to ../../build/robot1/robot1.egg-info/requires.txt
[4.085s] writing top-level names to ../../build/robot1/robot1.egg-info/top_level.txt
[4.096s] reading manifest file '../../build/robot1/robot1.egg-info/SOURCES.txt'
[4.101s] writing manifest file '../../build/robot1/robot1.egg-info/SOURCES.txt'
[4.102s] running build
[4.102s] running build_py
[4.104s] copying robot1/robot1_node.py -> /home/dualipa/mark1/build/robot1/build/lib/robot1
[4.107s] running install
[4.109s] running install_lib
[4.114s] copying /home/dualipa/mark1/build/robot1/build/lib/robot1/robot1_node.py -> /home/dualipa/mark1/install/robot1/lib/python3.10/site-packages/robot1
[4.118s] byte-compiling /home/dualipa/mark1/install/robot1/lib/python3.10/site-packages/robot1/robot1_node.py to robot1_node.cpython-310.pyc
[4.124s] running install_data
[4.125s] running install_egg_info
[4.134s] removing '/home/dualipa/mark1/install/robot1/lib/python3.10/site-packages/robot1-0.0.0-py3.10.egg-info' (and everything under it)
[4.137s] Copying ../../build/robot1/robot1.egg-info to /home/dualipa/mark1/install/robot1/lib/python3.10/site-packages/robot1-0.0.0-py3.10.egg-info
[4.145s] running install_scripts
[4.264s] Installing robot1_node script to /home/dualipa/mark1/install/robot1/lib/robot1
[4.267s] writing list of installed files to '/home/dualipa/mark1/build/robot1/install.log'
[4.453s] Invoked command in '/home/dualipa/mark1/src/robot1' returned '0': PYTHONPATH=/home/dualipa/mark1/build/robot1/prefix_override:/home/dualipa/mark1/install/robot1/lib/python3.10/site-packages:${PYTHONPATH} /usr/bin/python3 -W ignore:setup.py install is deprecated setup.py egg_info --egg-base ../../build/robot1 build --build-base /home/dualipa/mark1/build/robot1/build install --record /home/dualipa/mark1/build/robot1/install.log --single-version-externally-managed install_data
