[2.960s] Invoking command in '/home/dualipa/mark1/src/robot1': PYTHONPATH=/home/dualipa/mark1/build/robot1/prefix_override:/home/dualipa/mark1/install/robot1/lib/python3.10/site-packages:${PYTHONPATH} /usr/bin/python3 -W ignore:setup.py install is deprecated setup.py egg_info --egg-base ../../build/robot1 build --build-base /home/dualipa/mark1/build/robot1/build install --record /home/dualipa/mark1/build/robot1/install.log --single-version-externally-managed install_data
[4.151s] running egg_info
[4.156s] writing ../../build/robot1/robot1.egg-info/PKG-INFO
[4.157s] writing dependency_links to ../../build/robot1/robot1.egg-info/dependency_links.txt
[4.158s] writing entry points to ../../build/robot1/robot1.egg-info/entry_points.txt
[4.159s] writing requirements to ../../build/robot1/robot1.egg-info/requires.txt
[4.162s] writing top-level names to ../../build/robot1/robot1.egg-info/top_level.txt
[4.171s] reading manifest file '../../build/robot1/robot1.egg-info/SOURCES.txt'
[4.174s] writing manifest file '../../build/robot1/robot1.egg-info/SOURCES.txt'
[4.175s] running build
[4.175s] running build_py
[4.176s] copying robot1/robot1_node.py -> /home/dualipa/mark1/build/robot1/build/lib/robot1
[4.179s] running install
[4.180s] running install_lib
[4.183s] copying /home/dualipa/mark1/build/robot1/build/lib/robot1/robot1_node.py -> /home/dualipa/mark1/install/robot1/lib/python3.10/site-packages/robot1
[4.187s] byte-compiling /home/dualipa/mark1/install/robot1/lib/python3.10/site-packages/robot1/robot1_node.py to robot1_node.cpython-310.pyc
[4.192s] running install_data
[4.192s] running install_egg_info
[4.199s] removing '/home/dualipa/mark1/install/robot1/lib/python3.10/site-packages/robot1-0.0.0-py3.10.egg-info' (and everything under it)
[4.201s] Copying ../../build/robot1/robot1.egg-info to /home/dualipa/mark1/install/robot1/lib/python3.10/site-packages/robot1-0.0.0-py3.10.egg-info
[4.206s] running install_scripts
[4.290s] Installing robot1_node script to /home/dualipa/mark1/install/robot1/lib/robot1
[4.292s] writing list of installed files to '/home/dualipa/mark1/build/robot1/install.log'
[4.437s] Invoked command in '/home/dualipa/mark1/src/robot1' returned '0': PYTHONPATH=/home/dualipa/mark1/build/robot1/prefix_override:/home/dualipa/mark1/install/robot1/lib/python3.10/site-packages:${PYTHONPATH} /usr/bin/python3 -W ignore:setup.py install is deprecated setup.py egg_info --egg-base ../../build/robot1 build --build-base /home/dualipa/mark1/build/robot1/build install --record /home/dualipa/mark1/build/robot1/install.log --single-version-externally-managed install_data
