running egg_info
writing ../../build/robot1/robot1.egg-info/PKG-INFO
writing dependency_links to ../../build/robot1/robot1.egg-info/dependency_links.txt
writing entry points to ../../build/robot1/robot1.egg-info/entry_points.txt
writing requirements to ../../build/robot1/robot1.egg-info/requires.txt
writing top-level names to ../../build/robot1/robot1.egg-info/top_level.txt
reading manifest file '../../build/robot1/robot1.egg-info/SOURCES.txt'
writing manifest file '../../build/robot1/robot1.egg-info/SOURCES.txt'
running build
running build_py
running install
/usr/lib/python3/dist-packages/setuptools/command/install.py:34: SetuptoolsDeprecationWarning: setup.py install is deprecated. Use build and pip and other standards-based tools.
  warnings.warn(
running install_lib
running install_data
running install_egg_info
removing '/home/dualipa/ros2_ws/install/robot1/lib/python3.10/site-packages/robot1-0.0.0-py3.10.egg-info' (and everything under it)
Copying ../../build/robot1/robot1.egg-info to /home/dualipa/ros2_ws/install/robot1/lib/python3.10/site-packages/robot1-0.0.0-py3.10.egg-info
running install_scripts
Installing robot1_node script to /home/dualipa/ros2_ws/install/robot1/lib/robot1
writing list of installed files to '/home/dualipa/ros2_ws/build/robot1/install.log'
