[3.040s] Invoking command in '/home/dualipa/ros2_ws/src/robot1': PYTHONPATH=/home/dualipa/ros2_ws/build/robot1/prefix_override:/home/dualipa/ros2_ws/install/robot1/lib/python3.10/site-packages:${PYTHONPATH} /usr/bin/python3 setup.py egg_info --egg-base ../../build/robot1 build --build-base /home/dualipa/ros2_ws/build/robot1/build install --record /home/dualipa/ros2_ws/build/robot1/install.log --single-version-externally-managed
[4.091s] running egg_info
[4.094s] writing ../../build/robot1/robot1.egg-info/PKG-INFO
[4.095s] writing dependency_links to ../../build/robot1/robot1.egg-info/dependency_links.txt
[4.095s] writing entry points to ../../build/robot1/robot1.egg-info/entry_points.txt
[4.096s] writing requirements to ../../build/robot1/robot1.egg-info/requires.txt
[4.097s] writing top-level names to ../../build/robot1/robot1.egg-info/top_level.txt
[4.105s] reading manifest file '../../build/robot1/robot1.egg-info/SOURCES.txt'
[4.108s] writing manifest file '../../build/robot1/robot1.egg-info/SOURCES.txt'
[4.109s] running build
[4.110s] running build_py
[4.111s] running install
[4.111s] /usr/lib/python3/dist-packages/setuptools/command/install.py:34: SetuptoolsDeprecationWarning: setup.py install is deprecated. Use build and pip and other standards-based tools.
[4.112s]   warnings.warn(
[4.112s] running install_lib
[4.117s] running install_data
[4.120s] running install_egg_info
[4.126s] removing '/home/dualipa/ros2_ws/install/robot1/lib/python3.10/site-packages/robot1-0.0.0-py3.10.egg-info' (and everything under it)
[4.128s] Copying ../../build/robot1/robot1.egg-info to /home/dualipa/ros2_ws/install/robot1/lib/python3.10/site-packages/robot1-0.0.0-py3.10.egg-info
[4.133s] running install_scripts
[4.212s] Installing robot1_node script to /home/dualipa/ros2_ws/install/robot1/lib/robot1
[4.214s] writing list of installed files to '/home/dualipa/ros2_ws/build/robot1/install.log'
[4.331s] Invoked command in '/home/dualipa/ros2_ws/src/robot1' returned '0': PYTHONPATH=/home/dualipa/ros2_ws/build/robot1/prefix_override:/home/dualipa/ros2_ws/install/robot1/lib/python3.10/site-packages:${PYTHONPATH} /usr/bin/python3 setup.py egg_info --egg-base ../../build/robot1 build --build-base /home/dualipa/ros2_ws/build/robot1/build install --record /home/dualipa/ros2_ws/build/robot1/install.log --single-version-externally-managed
