[3.213s] Invoking command in '/home/dualipa/ros2_ws/src/robot1': PYTHONPATH=/home/dualipa/ros2_ws/build/robot1/prefix_override:/home/dualipa/ros2_ws/install/robot1/lib/python3.10/site-packages:${PYTHONPATH} /usr/bin/python3 setup.py egg_info --egg-base ../../build/robot1 build --build-base /home/dualipa/ros2_ws/build/robot1/build install --record /home/dualipa/ros2_ws/build/robot1/install.log --single-version-externally-managed
[4.249s] running egg_info
[4.251s] creating ../../build/robot1/robot1.egg-info
[4.252s] writing ../../build/robot1/robot1.egg-info/PKG-INFO
[4.254s] writing dependency_links to ../../build/robot1/robot1.egg-info/dependency_links.txt
[4.255s] writing entry points to ../../build/robot1/robot1.egg-info/entry_points.txt
[4.255s] writing requirements to ../../build/robot1/robot1.egg-info/requires.txt
[4.256s] writing top-level names to ../../build/robot1/robot1.egg-info/top_level.txt
[4.257s] writing manifest file '../../build/robot1/robot1.egg-info/SOURCES.txt'
[4.267s] reading manifest file '../../build/robot1/robot1.egg-info/SOURCES.txt'
[4.270s] writing manifest file '../../build/robot1/robot1.egg-info/SOURCES.txt'
[4.271s] running build
[4.271s] running build_py
[4.272s] creating /home/dualipa/ros2_ws/build/robot1/build
[4.272s] creating /home/dualipa/ros2_ws/build/robot1/build/lib
[4.272s] creating /home/dualipa/ros2_ws/build/robot1/build/lib/robot1
[4.273s] copying robot1/robot1_node.py -> /home/dualipa/ros2_ws/build/robot1/build/lib/robot1
[4.273s] copying robot1/__init__.py -> /home/dualipa/ros2_ws/build/robot1/build/lib/robot1
[4.274s] running install
[4.275s] /usr/lib/python3/dist-packages/setuptools/command/install.py:34: SetuptoolsDeprecationWarning: setup.py install is deprecated. Use build and pip and other standards-based tools.
[4.275s]   warnings.warn(
[4.276s] running install_lib
[4.279s] creating /home/dualipa/ros2_ws/install/robot1/lib/python3.10/site-packages/robot1
[4.279s] copying /home/dualipa/ros2_ws/build/robot1/build/lib/robot1/robot1_node.py -> /home/dualipa/ros2_ws/install/robot1/lib/python3.10/site-packages/robot1
[4.280s] copying /home/dualipa/ros2_ws/build/robot1/build/lib/robot1/__init__.py -> /home/dualipa/ros2_ws/install/robot1/lib/python3.10/site-packages/robot1
[4.282s] byte-compiling /home/dualipa/ros2_ws/install/robot1/lib/python3.10/site-packages/robot1/robot1_node.py to robot1_node.cpython-310.pyc
[4.284s] byte-compiling /home/dualipa/ros2_ws/install/robot1/lib/python3.10/site-packages/robot1/__init__.py to __init__.cpython-310.pyc
[4.285s] running install_data
[4.288s] creating /home/dualipa/ros2_ws/install/robot1/share/ament_index
[4.288s] creating /home/dualipa/ros2_ws/install/robot1/share/ament_index/resource_index
[4.288s] creating /home/dualipa/ros2_ws/install/robot1/share/ament_index/resource_index/packages
[4.289s] copying resource/robot1 -> /home/dualipa/ros2_ws/install/robot1/share/ament_index/resource_index/packages
[4.289s] copying package.xml -> /home/dualipa/ros2_ws/install/robot1/share/robot1
[4.290s] running install_egg_info
[4.296s] Copying ../../build/robot1/robot1.egg-info to /home/dualipa/ros2_ws/install/robot1/lib/python3.10/site-packages/robot1-0.0.0-py3.10.egg-info
[4.301s] running install_scripts
[4.381s] Installing robot1_node script to /home/dualipa/ros2_ws/install/robot1/lib/robot1
[4.383s] writing list of installed files to '/home/dualipa/ros2_ws/build/robot1/install.log'
[4.505s] Invoked command in '/home/dualipa/ros2_ws/src/robot1' returned '0': PYTHONPATH=/home/dualipa/ros2_ws/build/robot1/prefix_override:/home/dualipa/ros2_ws/install/robot1/lib/python3.10/site-packages:${PYTHONPATH} /usr/bin/python3 setup.py egg_info --egg-base ../../build/robot1 build --build-base /home/dualipa/ros2_ws/build/robot1/build install --record /home/dualipa/ros2_ws/build/robot1/install.log --single-version-externally-managed
