[2.533s] DEBUG:colcon:Command line arguments: ['/usr/bin/colcon', 'list', '-p', '--base-paths', '/home/dualipa/mark1']
[2.534s] DEBUG:colcon:Parsed command line arguments: Namespace(log_base=None, log_level=None, verb_name='list', build_base='build', ignore_user_meta=False, metas=['./colcon.meta'], base_paths=['/home/dualipa/mark1'], packages_ignore=None, packages_ignore_regex=None, paths=None, packages_up_to=None, packages_up_to_regex=None, packages_above=None, packages_above_and_dependencies=None, packages_above_depth=None, packages_select_by_dep=None, packages_skip_by_dep=None, packages_skip_up_to=None, packages_select_build_failed=False, packages_skip_build_finished=False, packages_select_test_failures=False, packages_skip_test_passed=False, packages_select=None, packages_skip=None, packages_select_regex=None, packages_skip_regex=None, packages_start=None, packages_end=None, allow_overriding=[], topological_order=False, names_only=False, paths_only=True, topological_graph=False, topological_graph_dot=False, topological_graph_density=False, topological_graph_legend=False, topological_graph_dot_cluster=False, topological_graph_dot_include_skipped=False, verb_parser=<colcon_defaults.argument_parser.defaults.DefaultArgumentsDecorator object at 0xffffb416c460>, verb_extension=<colcon_package_information.verb.list.ListVerb object at 0xffffb41435e0>, main=<bound method ListVerb.main of <colcon_package_information.verb.list.ListVerb object at 0xffffb41435e0>>)
[6.598s] Level 1:colcon.colcon_core.package_discovery:discover_packages(colcon_meta) check parameters
[6.599s] Level 1:colcon.colcon_core.package_discovery:discover_packages(recursive) check parameters
[6.600s] Level 1:colcon.colcon_core.package_discovery:discover_packages(ignore) check parameters
[6.600s] Level 1:colcon.colcon_core.package_discovery:discover_packages(path) check parameters
[6.600s] Level 1:colcon.colcon_core.package_discovery:discover_packages(recursive) discover
[6.601s] INFO:colcon.colcon_core.package_discovery:Crawling recursively for packages in '/home/dualipa/mark1'
[6.603s] Level 1:colcon.colcon_core.package_identification:_identify(/home/dualipa/mark1) by extensions ['ignore', 'ignore_ament_install']
[6.605s] Level 1:colcon.colcon_core.package_identification:_identify(/home/dualipa/mark1) by extension 'ignore'
[6.605s] Level 1:colcon.colcon_core.package_identification:_identify(/home/dualipa/mark1) by extension 'ignore_ament_install'
[6.606s] Level 1:colcon.colcon_core.package_identification:_identify(/home/dualipa/mark1) by extensions ['colcon_pkg']
[6.606s] Level 1:colcon.colcon_core.package_identification:_identify(/home/dualipa/mark1) by extension 'colcon_pkg'
[6.607s] Level 1:colcon.colcon_core.package_identification:_identify(/home/dualipa/mark1) by extensions ['colcon_meta']
[6.608s] Level 1:colcon.colcon_core.package_identification:_identify(/home/dualipa/mark1) by extension 'colcon_meta'
[6.608s] Level 1:colcon.colcon_core.package_identification:_identify(/home/dualipa/mark1) by extensions ['ros']
[6.609s] Level 1:colcon.colcon_core.package_identification:_identify(/home/dualipa/mark1) by extension 'ros'
[6.700s] Level 1:colcon.colcon_core.package_identification:_identify(/home/dualipa/mark1) by extensions ['cmake', 'python']
[6.701s] Level 1:colcon.colcon_core.package_identification:_identify(/home/dualipa/mark1) by extension 'cmake'
[6.702s] Level 1:colcon.colcon_core.package_identification:_identify(/home/dualipa/mark1) by extension 'python'
[6.703s] Level 1:colcon.colcon_core.package_identification:_identify(/home/dualipa/mark1) by extensions ['python_setup_py']
[6.704s] Level 1:colcon.colcon_core.package_identification:_identify(/home/dualipa/mark1) by extension 'python_setup_py'
[6.705s] Level 1:colcon.colcon_core.package_identification:_identify(/home/dualipa/mark1/build) by extensions ['ignore', 'ignore_ament_install']
[6.706s] Level 1:colcon.colcon_core.package_identification:_identify(/home/dualipa/mark1/build) by extension 'ignore'
[6.707s] Level 1:colcon.colcon_core.package_identification:_identify(/home/dualipa/mark1/build) ignored
[6.708s] Level 1:colcon.colcon_core.package_identification:_identify(/home/dualipa/mark1/install) by extensions ['ignore', 'ignore_ament_install']
[6.709s] Level 1:colcon.colcon_core.package_identification:_identify(/home/dualipa/mark1/install) by extension 'ignore'
[6.710s] Level 1:colcon.colcon_core.package_identification:_identify(/home/dualipa/mark1/install) ignored
[6.712s] Level 1:colcon.colcon_core.package_identification:_identify(/home/dualipa/mark1/log) by extensions ['ignore', 'ignore_ament_install']
[6.713s] Level 1:colcon.colcon_core.package_identification:_identify(/home/dualipa/mark1/log) by extension 'ignore'
[6.713s] Level 1:colcon.colcon_core.package_identification:_identify(/home/dualipa/mark1/log) ignored
[6.714s] Level 1:colcon.colcon_core.package_identification:_identify(/home/dualipa/mark1/src) by extensions ['ignore', 'ignore_ament_install']
[6.715s] Level 1:colcon.colcon_core.package_identification:_identify(/home/dualipa/mark1/src) by extension 'ignore'
[6.716s] Level 1:colcon.colcon_core.package_identification:_identify(/home/dualipa/mark1/src) by extension 'ignore_ament_install'
[6.716s] Level 1:colcon.colcon_core.package_identification:_identify(/home/dualipa/mark1/src) by extensions ['colcon_pkg']
[6.717s] Level 1:colcon.colcon_core.package_identification:_identify(/home/dualipa/mark1/src) by extension 'colcon_pkg'
[6.717s] Level 1:colcon.colcon_core.package_identification:_identify(/home/dualipa/mark1/src) by extensions ['colcon_meta']
[6.718s] Level 1:colcon.colcon_core.package_identification:_identify(/home/dualipa/mark1/src) by extension 'colcon_meta'
[6.722s] Level 1:colcon.colcon_core.package_identification:_identify(/home/dualipa/mark1/src) by extensions ['ros']
[6.723s] Level 1:colcon.colcon_core.package_identification:_identify(/home/dualipa/mark1/src) by extension 'ros'
[6.747s] Level 1:colcon.colcon_core.package_identification:_identify(/home/dualipa/mark1/src) by extensions ['cmake', 'python']
[6.748s] Level 1:colcon.colcon_core.package_identification:_identify(/home/dualipa/mark1/src) by extension 'cmake'
[6.750s] Level 1:colcon.colcon_core.package_identification:_identify(/home/dualipa/mark1/src) by extension 'python'
[6.751s] Level 1:colcon.colcon_core.package_identification:_identify(/home/dualipa/mark1/src) by extensions ['python_setup_py']
[6.752s] Level 1:colcon.colcon_core.package_identification:_identify(/home/dualipa/mark1/src) by extension 'python_setup_py'
[6.754s] Level 1:colcon.colcon_core.package_identification:_identify(/home/dualipa/mark1/src/robot1) by extensions ['ignore', 'ignore_ament_install']
[6.767s] Level 1:colcon.colcon_core.package_identification:_identify(/home/dualipa/mark1/src/robot1) by extension 'ignore'
[6.769s] Level 1:colcon.colcon_core.package_identification:_identify(/home/dualipa/mark1/src/robot1) by extension 'ignore_ament_install'
[6.770s] Level 1:colcon.colcon_core.package_identification:_identify(/home/dualipa/mark1/src/robot1) by extensions ['colcon_pkg']
[6.770s] Level 1:colcon.colcon_core.package_identification:_identify(/home/dualipa/mark1/src/robot1) by extension 'colcon_pkg'
[6.771s] Level 1:colcon.colcon_core.package_identification:_identify(/home/dualipa/mark1/src/robot1) by extensions ['colcon_meta']
[6.771s] Level 1:colcon.colcon_core.package_identification:_identify(/home/dualipa/mark1/src/robot1) by extension 'colcon_meta'
[6.772s] Level 1:colcon.colcon_core.package_identification:_identify(/home/dualipa/mark1/src/robot1) by extensions ['ros']
[6.772s] Level 1:colcon.colcon_core.package_identification:_identify(/home/dualipa/mark1/src/robot1) by extension 'ros'
[6.847s] DEBUG:colcon.colcon_core.package_identification:Package '/home/dualipa/mark1/src/robot1' with type 'ros.ament_python' and name 'robot1'
[6.848s] Level 1:colcon.colcon_core.package_discovery:discover_packages(recursive) using defaults
