[3.029s] Invoking command in '/home/dualipa/mark1/src/robot1': PYTHONPATH=/home/dualipa/mark1/build/robot1/prefix_override:/home/dualipa/mark1/install/robot1/lib/python3.10/site-packages:${PYTHONPATH} /usr/bin/python3 -W ignore:setup.py install is deprecated setup.py egg_info --egg-base ../../build/robot1 build --build-base /home/dualipa/mark1/build/robot1/build install --record /home/dualipa/mark1/build/robot1/install.log --single-version-externally-managed install_data
[4.169s] running egg_info
[4.173s] writing ../../build/robot1/robot1.egg-info/PKG-INFO
[4.178s] writing dependency_links to ../../build/robot1/robot1.egg-info/dependency_links.txt
[4.178s] writing entry points to ../../build/robot1/robot1.egg-info/entry_points.txt
[4.179s] writing requirements to ../../build/robot1/robot1.egg-info/requires.txt
[4.179s] writing top-level names to ../../build/robot1/robot1.egg-info/top_level.txt
[4.189s] reading manifest file '../../build/robot1/robot1.egg-info/SOURCES.txt'
[4.193s] writing manifest file '../../build/robot1/robot1.egg-info/SOURCES.txt'
[4.194s] running build
[4.195s] running build_py
[4.201s] running install
[4.203s] running install_lib
[4.212s] running install_data
[4.213s] running install_egg_info
[4.222s] removing '/home/dualipa/mark1/install/robot1/lib/python3.10/site-packages/robot1-0.0.0-py3.10.egg-info' (and everything under it)
[4.223s] Copying ../../build/robot1/robot1.egg-info to /home/dualipa/mark1/install/robot1/lib/python3.10/site-packages/robot1-0.0.0-py3.10.egg-info
[4.230s] running install_scripts
[4.304s] Installing robot1_node script to /home/dualipa/mark1/install/robot1/lib/robot1
[4.307s] writing list of installed files to '/home/dualipa/mark1/build/robot1/install.log'
[4.436s] Invoked command in '/home/dualipa/mark1/src/robot1' returned '0': PYTHONPATH=/home/dualipa/mark1/build/robot1/prefix_override:/home/dualipa/mark1/install/robot1/lib/python3.10/site-packages:${PYTHONPATH} /usr/bin/python3 -W ignore:setup.py install is deprecated setup.py egg_info --egg-base ../../build/robot1 build --build-base /home/dualipa/mark1/build/robot1/build install --record /home/dualipa/mark1/build/robot1/install.log --single-version-externally-managed install_data
