running egg_info
writing ../../build/robot1/robot1.egg-info/PKG-INFO
writing dependency_links to ../../build/robot1/robot1.egg-info/dependency_links.txt
writing entry points to ../../build/robot1/robot1.egg-info/entry_points.txt
writing requirements to ../../build/robot1/robot1.egg-info/requires.txt
writing top-level names to ../../build/robot1/robot1.egg-info/top_level.txt
reading manifest file '../../build/robot1/robot1.egg-info/SOURCES.txt'
writing manifest file '../../build/robot1/robot1.egg-info/SOURCES.txt'
running build
running build_py
copying robot1/standardservo.py -> /home/dualipa/ros2_ws/build/robot1/build/lib/robot1
copying robot1/servotest2.py -> /home/dualipa/ros2_ws/build/robot1/build/lib/robot1
copying robot1/robot1_node.py -> /home/dualipa/ros2_ws/build/robot1/build/lib/robot1
copying robot1/servotestspeeddir.py -> /home/dualipa/ros2_ws/build/robot1/build/lib/robot1
running install
running install_lib
copying /home/dualipa/ros2_ws/build/robot1/build/lib/robot1/standardservo.py -> /home/dualipa/ros2_ws/install/robot1/lib/python3.10/site-packages/robot1
copying /home/dualipa/ros2_ws/build/robot1/build/lib/robot1/servotest2.py -> /home/dualipa/ros2_ws/install/robot1/lib/python3.10/site-packages/robot1
copying /home/dualipa/ros2_ws/build/robot1/build/lib/robot1/robot1_node.py -> /home/dualipa/ros2_ws/install/robot1/lib/python3.10/site-packages/robot1
copying /home/dualipa/ros2_ws/build/robot1/build/lib/robot1/servotestspeeddir.py -> /home/dualipa/ros2_ws/install/robot1/lib/python3.10/site-packages/robot1
byte-compiling /home/dualipa/ros2_ws/install/robot1/lib/python3.10/site-packages/robot1/standardservo.py to standardservo.cpython-310.pyc
byte-compiling /home/dualipa/ros2_ws/install/robot1/lib/python3.10/site-packages/robot1/servotest2.py to servotest2.cpython-310.pyc
byte-compiling /home/dualipa/ros2_ws/install/robot1/lib/python3.10/site-packages/robot1/robot1_node.py to robot1_node.cpython-310.pyc
byte-compiling /home/dualipa/ros2_ws/install/robot1/lib/python3.10/site-packages/robot1/servotestspeeddir.py to servotestspeeddir.cpython-310.pyc
running install_data
running install_egg_info
removing '/home/dualipa/ros2_ws/install/robot1/lib/python3.10/site-packages/robot1-0.0.0-py3.10.egg-info' (and everything under it)
Copying ../../build/robot1/robot1.egg-info to /home/dualipa/ros2_ws/install/robot1/lib/python3.10/site-packages/robot1-0.0.0-py3.10.egg-info
running install_scripts
Installing robot1_node script to /home/dualipa/ros2_ws/install/robot1/lib/robot1
writing list of installed files to '/home/dualipa/ros2_ws/build/robot1/install.log'
