[3.547s] Invoking command in '/home/dualipa/ros2_ws/src/robot1': PYTHONPATH=/home/dualipa/ros2_ws/build/robot1/prefix_override:/home/dualipa/ros2_ws/install/robot1/lib/python3.10/site-packages:${PYTHONPATH} /usr/bin/python3 setup.py egg_info --egg-base ../../build/robot1 build --build-base /home/dualipa/ros2_ws/build/robot1/build install --record /home/dualipa/ros2_ws/build/robot1/install.log --single-version-externally-managed
[4.683s] running egg_info
[4.685s] writing ../../build/robot1/robot1.egg-info/PKG-INFO
[4.689s] writing dependency_links to ../../build/robot1/robot1.egg-info/dependency_links.txt
[4.690s] writing entry points to ../../build/robot1/robot1.egg-info/entry_points.txt
[4.691s] writing requirements to ../../build/robot1/robot1.egg-info/requires.txt
[4.692s] writing top-level names to ../../build/robot1/robot1.egg-info/top_level.txt
[4.704s] reading manifest file '../../build/robot1/robot1.egg-info/SOURCES.txt'
[4.708s] writing manifest file '../../build/robot1/robot1.egg-info/SOURCES.txt'
[4.709s] running build
[4.709s] running build_py
[4.711s] copying robot1/standardservo.py -> /home/dualipa/ros2_ws/build/robot1/build/lib/robot1
[4.713s] copying robot1/servotest2.py -> /home/dualipa/ros2_ws/build/robot1/build/lib/robot1
[4.713s] copying robot1/robot1_node.py -> /home/dualipa/ros2_ws/build/robot1/build/lib/robot1
[4.715s] copying robot1/servotestspeeddir.py -> /home/dualipa/ros2_ws/build/robot1/build/lib/robot1
[4.717s] running install
[4.719s] running install_lib
[4.722s] copying /home/dualipa/ros2_ws/build/robot1/build/lib/robot1/standardservo.py -> /home/dualipa/ros2_ws/install/robot1/lib/python3.10/site-packages/robot1
[4.723s] copying /home/dualipa/ros2_ws/build/robot1/build/lib/robot1/servotest2.py -> /home/dualipa/ros2_ws/install/robot1/lib/python3.10/site-packages/robot1
[4.724s] copying /home/dualipa/ros2_ws/build/robot1/build/lib/robot1/robot1_node.py -> /home/dualipa/ros2_ws/install/robot1/lib/python3.10/site-packages/robot1
[4.726s] copying /home/dualipa/ros2_ws/build/robot1/build/lib/robot1/servotestspeeddir.py -> /home/dualipa/ros2_ws/install/robot1/lib/python3.10/site-packages/robot1
[4.729s] byte-compiling /home/dualipa/ros2_ws/install/robot1/lib/python3.10/site-packages/robot1/standardservo.py to standardservo.cpython-310.pyc
[4.730s] byte-compiling /home/dualipa/ros2_ws/install/robot1/lib/python3.10/site-packages/robot1/servotest2.py to servotest2.cpython-310.pyc
[4.732s] byte-compiling /home/dualipa/ros2_ws/install/robot1/lib/python3.10/site-packages/robot1/robot1_node.py to robot1_node.cpython-310.pyc
[4.736s] byte-compiling /home/dualipa/ros2_ws/install/robot1/lib/python3.10/site-packages/robot1/servotestspeeddir.py to servotestspeeddir.cpython-310.pyc
[4.738s] running install_data
[4.740s] running install_egg_info
[4.747s] removing '/home/dualipa/ros2_ws/install/robot1/lib/python3.10/site-packages/robot1-0.0.0-py3.10.egg-info' (and everything under it)
[4.749s] Copying ../../build/robot1/robot1.egg-info to /home/dualipa/ros2_ws/install/robot1/lib/python3.10/site-packages/robot1-0.0.0-py3.10.egg-info
[4.756s] running install_scripts
[4.834s] Installing robot1_node script to /home/dualipa/ros2_ws/install/robot1/lib/robot1
[4.836s] writing list of installed files to '/home/dualipa/ros2_ws/build/robot1/install.log'
[4.976s] Invoked command in '/home/dualipa/ros2_ws/src/robot1' returned '0': PYTHONPATH=/home/dualipa/ros2_ws/build/robot1/prefix_override:/home/dualipa/ros2_ws/install/robot1/lib/python3.10/site-packages:${PYTHONPATH} /usr/bin/python3 setup.py egg_info --egg-base ../../build/robot1 build --build-base /home/dualipa/ros2_ws/build/robot1/build install --record /home/dualipa/ros2_ws/build/robot1/install.log --single-version-externally-managed
